[0.024s] Invoking command in '/home/maxcap/Workspaces/orion_ws/build/cpp_launch_example': CMAKE_PREFIX_PATH=${CMAKE_PREFIX_PATH}:/opt/ros/humble /usr/bin/cmake --build /home/maxcap/Workspaces/orion_ws/build/cpp_launch_example -- -j2 -l2
[0.073s] Invoked command in '/home/maxcap/Workspaces/orion_ws/build/cpp_launch_example' returned '0': CMAKE_PREFIX_PATH=${CMAKE_PREFIX_PATH}:/opt/ros/humble /usr/bin/cmake --build /home/maxcap/Workspaces/orion_ws/build/cpp_launch_example -- -j2 -l2
[0.105s] Invoking command in '/home/maxcap/Workspaces/orion_ws/build/cpp_launch_example': CMAKE_PREFIX_PATH=${CMAKE_PREFIX_PATH}:/opt/ros/humble /usr/bin/cmake --install /home/maxcap/Workspaces/orion_ws/build/cpp_launch_example
[0.113s] -- Install configuration: ""
[0.113s] -- Up-to-date: /home/maxcap/Workspaces/orion_ws/install/cpp_launch_example/share/cpp_launch_example//launch
[0.114s] -- Up-to-date: /home/maxcap/Workspaces/orion_ws/install/cpp_launch_example/share/cpp_launch_example//launch/my_script_launch.xml
[0.115s] -- Up-to-date: /home/maxcap/Workspaces/orion_ws/install/cpp_launch_example/share/ament_index/resource_index/package_run_dependencies/cpp_launch_example
[0.115s] -- Up-to-date: /home/maxcap/Workspaces/orion_ws/install/cpp_launch_example/share/ament_index/resource_index/parent_prefix_path/cpp_launch_example
[0.116s] -- Up-to-date: /home/maxcap/Workspaces/orion_ws/install/cpp_launch_example/share/cpp_launch_example/environment/ament_prefix_path.sh
[0.116s] -- Up-to-date: /home/maxcap/Workspaces/orion_ws/install/cpp_launch_example/share/cpp_launch_example/environment/ament_prefix_path.dsv
[0.117s] -- Up-to-date: /home/maxcap/Workspaces/orion_ws/install/cpp_launch_example/share/cpp_launch_example/environment/path.sh
[0.118s] -- Up-to-date: /home/maxcap/Workspaces/orion_ws/install/cpp_launch_example/share/cpp_launch_example/environment/path.dsv
[0.118s] -- Up-to-date: /home/maxcap/Workspaces/orion_ws/install/cpp_launch_example/share/cpp_launch_example/local_setup.bash
[0.118s] -- Up-to-date: /home/maxcap/Workspaces/orion_ws/install/cpp_launch_example/share/cpp_launch_example/local_setup.sh
[0.118s] -- Up-to-date: /home/maxcap/Workspaces/orion_ws/install/cpp_launch_example/share/cpp_launch_example/local_setup.zsh
[0.119s] -- Up-to-date: /home/maxcap/Workspaces/orion_ws/install/cpp_launch_example/share/cpp_launch_example/local_setup.dsv
[0.119s] -- Installing: /home/maxcap/Workspaces/orion_ws/install/cpp_launch_example/share/cpp_launch_example/package.dsv
[0.122s] -- Up-to-date: /home/maxcap/Workspaces/orion_ws/install/cpp_launch_example/share/ament_index/resource_index/packages/cpp_launch_example
[0.123s] -- Up-to-date: /home/maxcap/Workspaces/orion_ws/install/cpp_launch_example/share/cpp_launch_example/cmake/cpp_launch_exampleConfig.cmake
[0.124s] -- Up-to-date: /home/maxcap/Workspaces/orion_ws/install/cpp_launch_example/share/cpp_launch_example/cmake/cpp_launch_exampleConfig-version.cmake
[0.124s] -- Up-to-date: /home/maxcap/Workspaces/orion_ws/install/cpp_launch_example/share/cpp_launch_example/package.xml
[0.133s] Invoked command in '/home/maxcap/Workspaces/orion_ws/build/cpp_launch_example' returned '0': CMAKE_PREFIX_PATH=${CMAKE_PREFIX_PATH}:/opt/ros/humble /usr/bin/cmake --install /home/maxcap/Workspaces/orion_ws/build/cpp_launch_example
