-- Found ament_cmake: 1.3.4 (/opt/ros/humble/share/ament_cmake/cmake)
-- Found rclpy: 3.3.8 (/opt/ros/humble/share/rclpy/cmake)
-- Found rosidl_default_generators: 1.2.0 (/opt/ros/humble/share/rosidl_default_generators/cmake)
-- Using all available rosidl_typesupport_c: rosidl_typesupport_fastrtps_c;rosidl_typesupport_introspection_c
-- Found rosidl_adapter: 3.1.4 (/opt/ros/humble/share/rosidl_adapter/cmake)
-- Using all available rosidl_typesupport_cpp: rosidl_typesupport_fastrtps_cpp;rosidl_typesupport_introspection_cpp
-- Found ament_lint_auto: 0.12.6 (/opt/ros/humble/share/ament_lint_auto/cmake)
-- Added test 'flake8' to check Python code syntax and style conventions
-- Added test 'lint_cmake' to check CMake code style
-- Added test 'pep257' to check Python code against some of the docstring style conventions in PEP 257
-- Added test 'xmllint' to check XML markup files
-- Configuring done
-- Generating done
-- Build files have been written to: /Code/orion_ws/build/orion_pkg
Built target ament_cmake_python_copy_scripts
running egg_info
creating scripts.egg-info
writing scripts.egg-info/PKG-INFO
writing dependency_links to scripts.egg-info/dependency_links.txt
writing top-level names to scripts.egg-info/top_level.txt
writing manifest file 'scripts.egg-info/SOURCES.txt'
reading manifest file 'scripts.egg-info/SOURCES.txt'
writing manifest file 'scripts.egg-info/SOURCES.txt'
Built target ament_cmake_python_build_scripts_egg
-- Install configuration: ""
-- Installing: /Code/orion_ws/install/orion_pkg/share/orion_pkg/environment/pythonpath.sh
-- Installing: /Code/orion_ws/install/orion_pkg/share/orion_pkg/environment/pythonpath.dsv
-- Installing: /Code/orion_ws/install/orion_pkg/local/lib/python3.10/dist-packages/scripts-0.0.0-py3.10.egg-info
-- Installing: /Code/orion_ws/install/orion_pkg/local/lib/python3.10/dist-packages/scripts-0.0.0-py3.10.egg-info/dependency_links.txt
-- Installing: /Code/orion_ws/install/orion_pkg/local/lib/python3.10/dist-packages/scripts-0.0.0-py3.10.egg-info/SOURCES.txt
-- Installing: /Code/orion_ws/install/orion_pkg/local/lib/python3.10/dist-packages/scripts-0.0.0-py3.10.egg-info/PKG-INFO
-- Installing: /Code/orion_ws/install/orion_pkg/local/lib/python3.10/dist-packages/scripts-0.0.0-py3.10.egg-info/top_level.txt
-- Installing: /Code/orion_ws/install/orion_pkg/local/lib/python3.10/dist-packages/scripts
-- Installing: /Code/orion_ws/install/orion_pkg/local/lib/python3.10/dist-packages/scripts/templates
-- Installing: /Code/orion_ws/install/orion_pkg/local/lib/python3.10/dist-packages/scripts/templates/publisher.py
-- Installing: /Code/orion_ws/install/orion_pkg/local/lib/python3.10/dist-packages/scripts/templates/subscriber.py
-- Installing: /Code/orion_ws/install/orion_pkg/local/lib/python3.10/dist-packages/scripts/Joystick_sub.py
-- Installing: /Code/orion_ws/install/orion_pkg/local/lib/python3.10/dist-packages/scripts/StreamingMode.py
-- Installing: /Code/orion_ws/install/orion_pkg/local/lib/python3.10/dist-packages/scripts/__init__.py
-- Installing: /Code/orion_ws/install/orion_pkg/local/lib/python3.10/dist-packages/scripts/joystick
-- Installing: /Code/orion_ws/install/orion_pkg/local/lib/python3.10/dist-packages/scripts/joystick/joystick_commands.py
-- Installing: /Code/orion_ws/install/orion_pkg/local/lib/python3.10/dist-packages/scripts/joystick/inputs.py
Listing '/Code/orion_ws/install/orion_pkg/local/lib/python3.10/dist-packages/scripts'...
Compiling '/Code/orion_ws/install/orion_pkg/local/lib/python3.10/dist-packages/scripts/Joystick_sub.py'...
Compiling '/Code/orion_ws/install/orion_pkg/local/lib/python3.10/dist-packages/scripts/StreamingMode.py'...
Compiling '/Code/orion_ws/install/orion_pkg/local/lib/python3.10/dist-packages/scripts/__init__.py'...
Listing '/Code/orion_ws/install/orion_pkg/local/lib/python3.10/dist-packages/scripts/joystick'...
Compiling '/Code/orion_ws/install/orion_pkg/local/lib/python3.10/dist-packages/scripts/joystick/inputs.py'...
Compiling '/Code/orion_ws/install/orion_pkg/local/lib/python3.10/dist-packages/scripts/joystick/joystick_commands.py'...
Listing '/Code/orion_ws/install/orion_pkg/local/lib/python3.10/dist-packages/scripts/templates'...
Compiling '/Code/orion_ws/install/orion_pkg/local/lib/python3.10/dist-packages/scripts/templates/publisher.py'...
Compiling '/Code/orion_ws/install/orion_pkg/local/lib/python3.10/dist-packages/scripts/templates/subscriber.py'...
-- Installing: /Code/orion_ws/install/orion_pkg/lib/orion_pkg/publisher.py
-- Installing: /Code/orion_ws/install/orion_pkg/lib/orion_pkg/subscriber.py
-- Installing: /Code/orion_ws/install/orion_pkg/lib/orion_pkg/joystick_commands.py
-- Installing: /Code/orion_ws/install/orion_pkg/lib/orion_pkg/inputs.py
-- Installing: /Code/orion_ws/install/orion_pkg/lib/orion_pkg/Joystick_sub.py
-- Installing: /Code/orion_ws/install/orion_pkg/share/orion_pkg//launch
-- Installing: /Code/orion_ws/install/orion_pkg/share/orion_pkg//launch/other_launchers
-- Installing: /Code/orion_ws/install/orion_pkg/share/orion_pkg//launch/other_launchers/pubsub_launch.xml
-- Installing: /Code/orion_ws/install/orion_pkg/share/orion_pkg//launch/other_launchers/pubsub_launch.yaml
-- Installing: /Code/orion_ws/install/orion_pkg/share/orion_pkg//launch/pubsublaunch.py
-- Installing: /Code/orion_ws/install/orion_pkg/share/ament_index/resource_index/package_run_dependencies/orion_pkg
-- Installing: /Code/orion_ws/install/orion_pkg/share/ament_index/resource_index/parent_prefix_path/orion_pkg
-- Installing: /Code/orion_ws/install/orion_pkg/share/orion_pkg/environment/ament_prefix_path.sh
-- Installing: /Code/orion_ws/install/orion_pkg/share/orion_pkg/environment/ament_prefix_path.dsv
-- Installing: /Code/orion_ws/install/orion_pkg/share/orion_pkg/environment/path.sh
-- Installing: /Code/orion_ws/install/orion_pkg/share/orion_pkg/environment/path.dsv
-- Installing: /Code/orion_ws/install/orion_pkg/share/orion_pkg/local_setup.bash
-- Installing: /Code/orion_ws/install/orion_pkg/share/orion_pkg/local_setup.sh
-- Installing: /Code/orion_ws/install/orion_pkg/share/orion_pkg/local_setup.zsh
-- Installing: /Code/orion_ws/install/orion_pkg/share/orion_pkg/local_setup.dsv
-- Installing: /Code/orion_ws/install/orion_pkg/share/orion_pkg/package.dsv
-- Installing: /Code/orion_ws/install/orion_pkg/share/ament_index/resource_index/packages/orion_pkg
-- Installing: /Code/orion_ws/install/orion_pkg/share/orion_pkg/cmake/orion_pkgConfig.cmake
-- Installing: /Code/orion_ws/install/orion_pkg/share/orion_pkg/cmake/orion_pkgConfig-version.cmake
-- Installing: /Code/orion_ws/install/orion_pkg/share/orion_pkg/package.xml
