[0.022s] Invoking command in '/Code/orion_ws/build/orion_pkg': CMAKE_PREFIX_PATH=/opt/ros/humble /usr/bin/cmake /Code/orion_ws/src/orion_pkg -DCMAKE_INSTALL_PREFIX=/Code/orion_ws/install/orion_pkg
[0.044s] -- Found ament_cmake: 1.3.4 (/opt/ros/humble/share/ament_cmake/cmake)
[0.268s] -- Found rclpy: 3.3.8 (/opt/ros/humble/share/rclpy/cmake)
[0.268s] -- Found rosidl_default_generators: 1.2.0 (/opt/ros/humble/share/rosidl_default_generators/cmake)
[0.272s] -- Using all available rosidl_typesupport_c: rosidl_typesupport_fastrtps_c;rosidl_typesupport_introspection_c
[0.276s] -- Found rosidl_adapter: 3.1.4 (/opt/ros/humble/share/rosidl_adapter/cmake)
[0.322s] -- Using all available rosidl_typesupport_cpp: rosidl_typesupport_fastrtps_cpp;rosidl_typesupport_introspection_cpp
[0.492s] -- Found ament_lint_auto: 0.12.6 (/opt/ros/humble/share/ament_lint_auto/cmake)
[0.675s] -- Added test 'flake8' to check Python code syntax and style conventions
[0.677s] -- Added test 'lint_cmake' to check CMake code style
[0.678s] -- Added test 'pep257' to check Python code against some of the docstring style conventions in PEP 257
[0.683s] -- Added test 'xmllint' to check XML markup files
[0.686s] -- Configuring done
[0.693s] -- Generating done
[0.695s] -- Build files have been written to: /Code/orion_ws/build/orion_pkg
[0.700s] Invoked command in '/Code/orion_ws/build/orion_pkg' returned '0': CMAKE_PREFIX_PATH=/opt/ros/humble /usr/bin/cmake /Code/orion_ws/src/orion_pkg -DCMAKE_INSTALL_PREFIX=/Code/orion_ws/install/orion_pkg
[0.701s] Invoking command in '/Code/orion_ws/build/orion_pkg': CMAKE_PREFIX_PATH=/opt/ros/humble /usr/bin/cmake --build /Code/orion_ws/build/orion_pkg -- -j2 -l2
[0.770s] Built target ament_cmake_python_copy_scripts
[1.010s] running egg_info
[1.011s] creating scripts.egg-info
[1.012s] writing scripts.egg-info/PKG-INFO
[1.013s] writing dependency_links to scripts.egg-info/dependency_links.txt
[1.014s] writing top-level names to scripts.egg-info/top_level.txt
[1.015s] writing manifest file 'scripts.egg-info/SOURCES.txt'
[1.020s] reading manifest file 'scripts.egg-info/SOURCES.txt'
[1.022s] writing manifest file 'scripts.egg-info/SOURCES.txt'
[1.058s] Built target ament_cmake_python_build_scripts_egg
[1.073s] Invoked command in '/Code/orion_ws/build/orion_pkg' returned '0': CMAKE_PREFIX_PATH=/opt/ros/humble /usr/bin/cmake --build /Code/orion_ws/build/orion_pkg -- -j2 -l2
[1.109s] Invoking command in '/Code/orion_ws/build/orion_pkg': CMAKE_PREFIX_PATH=/opt/ros/humble /usr/bin/cmake --install /Code/orion_ws/build/orion_pkg
[1.119s] -- Install configuration: ""
[1.120s] -- Installing: /Code/orion_ws/install/orion_pkg/share/orion_pkg/environment/pythonpath.sh
[1.121s] -- Installing: /Code/orion_ws/install/orion_pkg/share/orion_pkg/environment/pythonpath.dsv
[1.121s] -- Installing: /Code/orion_ws/install/orion_pkg/local/lib/python3.10/dist-packages/scripts-0.0.0-py3.10.egg-info
[1.122s] -- Installing: /Code/orion_ws/install/orion_pkg/local/lib/python3.10/dist-packages/scripts-0.0.0-py3.10.egg-info/dependency_links.txt
[1.123s] -- Installing: /Code/orion_ws/install/orion_pkg/local/lib/python3.10/dist-packages/scripts-0.0.0-py3.10.egg-info/SOURCES.txt
[1.124s] -- Installing: /Code/orion_ws/install/orion_pkg/local/lib/python3.10/dist-packages/scripts-0.0.0-py3.10.egg-info/PKG-INFO
[1.124s] -- Installing: /Code/orion_ws/install/orion_pkg/local/lib/python3.10/dist-packages/scripts-0.0.0-py3.10.egg-info/top_level.txt
[1.125s] -- Installing: /Code/orion_ws/install/orion_pkg/local/lib/python3.10/dist-packages/scripts
[1.125s] -- Installing: /Code/orion_ws/install/orion_pkg/local/lib/python3.10/dist-packages/scripts/templates
[1.126s] -- Installing: /Code/orion_ws/install/orion_pkg/local/lib/python3.10/dist-packages/scripts/templates/publisher.py
[1.126s] -- Installing: /Code/orion_ws/install/orion_pkg/local/lib/python3.10/dist-packages/scripts/templates/subscriber.py
[1.127s] -- Installing: /Code/orion_ws/install/orion_pkg/local/lib/python3.10/dist-packages/scripts/Joystick_sub.py
[1.127s] -- Installing: /Code/orion_ws/install/orion_pkg/local/lib/python3.10/dist-packages/scripts/StreamingMode.py
[1.128s] -- Installing: /Code/orion_ws/install/orion_pkg/local/lib/python3.10/dist-packages/scripts/__init__.py
[1.128s] -- Installing: /Code/orion_ws/install/orion_pkg/local/lib/python3.10/dist-packages/scripts/joystick
[1.129s] -- Installing: /Code/orion_ws/install/orion_pkg/local/lib/python3.10/dist-packages/scripts/joystick/joystick_commands.py
[1.129s] -- Installing: /Code/orion_ws/install/orion_pkg/local/lib/python3.10/dist-packages/scripts/joystick/inputs.py
[1.180s] Listing '/Code/orion_ws/install/orion_pkg/local/lib/python3.10/dist-packages/scripts'...
[1.180s] Compiling '/Code/orion_ws/install/orion_pkg/local/lib/python3.10/dist-packages/scripts/Joystick_sub.py'...
[1.181s] Compiling '/Code/orion_ws/install/orion_pkg/local/lib/python3.10/dist-packages/scripts/StreamingMode.py'...
[1.181s] Compiling '/Code/orion_ws/install/orion_pkg/local/lib/python3.10/dist-packages/scripts/__init__.py'...
[1.181s] Listing '/Code/orion_ws/install/orion_pkg/local/lib/python3.10/dist-packages/scripts/joystick'...
[1.182s] Compiling '/Code/orion_ws/install/orion_pkg/local/lib/python3.10/dist-packages/scripts/joystick/inputs.py'...
[1.182s] Compiling '/Code/orion_ws/install/orion_pkg/local/lib/python3.10/dist-packages/scripts/joystick/joystick_commands.py'...
[1.183s] Listing '/Code/orion_ws/install/orion_pkg/local/lib/python3.10/dist-packages/scripts/templates'...
[1.183s] Compiling '/Code/orion_ws/install/orion_pkg/local/lib/python3.10/dist-packages/scripts/templates/publisher.py'...
[1.183s] Compiling '/Code/orion_ws/install/orion_pkg/local/lib/python3.10/dist-packages/scripts/templates/subscriber.py'...
[1.188s] -- Installing: /Code/orion_ws/install/orion_pkg/lib/orion_pkg/publisher.py
[1.189s] -- Installing: /Code/orion_ws/install/orion_pkg/lib/orion_pkg/subscriber.py
[1.190s] -- Installing: /Code/orion_ws/install/orion_pkg/lib/orion_pkg/joystick_commands.py
[1.191s] -- Installing: /Code/orion_ws/install/orion_pkg/lib/orion_pkg/inputs.py
[1.191s] -- Installing: /Code/orion_ws/install/orion_pkg/lib/orion_pkg/Joystick_sub.py
[1.192s] -- Installing: /Code/orion_ws/install/orion_pkg/share/orion_pkg//launch
[1.192s] -- Installing: /Code/orion_ws/install/orion_pkg/share/orion_pkg//launch/other_launchers
[1.192s] -- Installing: /Code/orion_ws/install/orion_pkg/share/orion_pkg//launch/other_launchers/pubsub_launch.xml
[1.195s] -- Installing: /Code/orion_ws/install/orion_pkg/share/orion_pkg//launch/other_launchers/pubsub_launch.yaml
[1.196s] -- Installing: /Code/orion_ws/install/orion_pkg/share/orion_pkg//launch/pubsublaunch.py
[1.196s] -- Installing: /Code/orion_ws/install/orion_pkg/share/ament_index/resource_index/package_run_dependencies/orion_pkg
[1.196s] -- Installing: /Code/orion_ws/install/orion_pkg/share/ament_index/resource_index/parent_prefix_path/orion_pkg
[1.196s] -- Installing: /Code/orion_ws/install/orion_pkg/share/orion_pkg/environment/ament_prefix_path.sh
[1.196s] -- Installing: /Code/orion_ws/install/orion_pkg/share/orion_pkg/environment/ament_prefix_path.dsv
[1.196s] -- Installing: /Code/orion_ws/install/orion_pkg/share/orion_pkg/environment/path.sh
[1.196s] -- Installing: /Code/orion_ws/install/orion_pkg/share/orion_pkg/environment/path.dsv
[1.196s] -- Installing: /Code/orion_ws/install/orion_pkg/share/orion_pkg/local_setup.bash
[1.196s] -- Installing: /Code/orion_ws/install/orion_pkg/share/orion_pkg/local_setup.sh
[1.196s] -- Installing: /Code/orion_ws/install/orion_pkg/share/orion_pkg/local_setup.zsh
[1.196s] -- Installing: /Code/orion_ws/install/orion_pkg/share/orion_pkg/local_setup.dsv
[1.196s] -- Installing: /Code/orion_ws/install/orion_pkg/share/orion_pkg/package.dsv
[1.196s] -- Installing: /Code/orion_ws/install/orion_pkg/share/ament_index/resource_index/packages/orion_pkg
[1.196s] -- Installing: /Code/orion_ws/install/orion_pkg/share/orion_pkg/cmake/orion_pkgConfig.cmake
[1.196s] -- Installing: /Code/orion_ws/install/orion_pkg/share/orion_pkg/cmake/orion_pkgConfig-version.cmake
[1.197s] -- Installing: /Code/orion_ws/install/orion_pkg/share/orion_pkg/package.xml
[1.204s] Invoked command in '/Code/orion_ws/build/orion_pkg' returned '0': CMAKE_PREFIX_PATH=/opt/ros/humble /usr/bin/cmake --install /Code/orion_ws/build/orion_pkg
