[0.036s] Invoking command in '/home/maxcap/Workspaces/orion_ws/build/cpp_launch_example': CMAKE_PREFIX_PATH=${CMAKE_PREFIX_PATH}:/opt/ros/humble /usr/bin/cmake --build /home/maxcap/Workspaces/orion_ws/build/cpp_launch_example -- -j2 -l2
[0.095s] Invoked command in '/home/maxcap/Workspaces/orion_ws/build/cpp_launch_example' returned '0': CMAKE_PREFIX_PATH=${CMAKE_PREFIX_PATH}:/opt/ros/humble /usr/bin/cmake --build /home/maxcap/Workspaces/orion_ws/build/cpp_launch_example -- -j2 -l2
[0.130s] Invoking command in '/home/maxcap/Workspaces/orion_ws/build/cpp_launch_example': CMAKE_PREFIX_PATH=${CMAKE_PREFIX_PATH}:/opt/ros/humble /usr/bin/cmake --install /home/maxcap/Workspaces/orion_ws/build/cpp_launch_example
[0.141s] -- Install configuration: ""
[0.142s] -- Up-to-date: /home/maxcap/Workspaces/orion_ws/install/cpp_launch_example/share/cpp_launch_example//launch
[0.146s] -- Up-to-date: /home/maxcap/Workspaces/orion_ws/install/cpp_launch_example/share/cpp_launch_example//launch/my_script_launch.xml
[0.151s] -- Up-to-date: /home/maxcap/Workspaces/orion_ws/install/cpp_launch_example/share/ament_index/resource_index/package_run_dependencies/cpp_launch_example
[0.153s] -- Up-to-date: /home/maxcap/Workspaces/orion_ws/install/cpp_launch_example/share/ament_index/resource_index/parent_prefix_path/cpp_launch_example
[0.153s] -- Up-to-date: /home/maxcap/Workspaces/orion_ws/install/cpp_launch_example/share/cpp_launch_example/environment/ament_prefix_path.sh
[0.156s] -- Up-to-date: /home/maxcap/Workspaces/orion_ws/install/cpp_launch_example/share/cpp_launch_example/environment/ament_prefix_path.dsv
[0.156s] -- Up-to-date: /home/maxcap/Workspaces/orion_ws/install/cpp_launch_example/share/cpp_launch_example/environment/path.sh
[0.158s] -- Up-to-date: /home/maxcap/Workspaces/orion_ws/install/cpp_launch_example/share/cpp_launch_example/environment/path.dsv
[0.159s] -- Up-to-date: /home/maxcap/Workspaces/orion_ws/install/cpp_launch_example/share/cpp_launch_example/local_setup.bash
[0.160s] -- Up-to-date: /home/maxcap/Workspaces/orion_ws/install/cpp_launch_example/share/cpp_launch_example/local_setup.sh
[0.162s] -- Up-to-date: /home/maxcap/Workspaces/orion_ws/install/cpp_launch_example/share/cpp_launch_example/local_setup.zsh
[0.164s] -- Up-to-date: /home/maxcap/Workspaces/orion_ws/install/cpp_launch_example/share/cpp_launch_example/local_setup.dsv
[0.165s] -- Installing: /home/maxcap/Workspaces/orion_ws/install/cpp_launch_example/share/cpp_launch_example/package.dsv
[0.168s] -- Up-to-date: /home/maxcap/Workspaces/orion_ws/install/cpp_launch_example/share/ament_index/resource_index/packages/cpp_launch_example
[0.168s] -- Up-to-date: /home/maxcap/Workspaces/orion_ws/install/cpp_launch_example/share/cpp_launch_example/cmake/cpp_launch_exampleConfig.cmake
[0.169s] -- Up-to-date: /home/maxcap/Workspaces/orion_ws/install/cpp_launch_example/share/cpp_launch_example/cmake/cpp_launch_exampleConfig-version.cmake
[0.169s] -- Up-to-date: /home/maxcap/Workspaces/orion_ws/install/cpp_launch_example/share/cpp_launch_example/package.xml
[0.169s] Invoked command in '/home/maxcap/Workspaces/orion_ws/build/cpp_launch_example' returned '0': CMAKE_PREFIX_PATH=${CMAKE_PREFIX_PATH}:/opt/ros/humble /usr/bin/cmake --install /home/maxcap/Workspaces/orion_ws/build/cpp_launch_example
