[1.723s] DEBUG:colcon:Command line arguments: ['/usr/bin/colcon', 'build']
[1.724s] DEBUG:colcon:Parsed command line arguments: Namespace(log_base=None, log_level=None, verb_name='build', build_base='build', install_base='install', merge_install=False, symlink_install=False, test_result_base=None, continue_on_error=False, executor='parallel', parallel_workers=2, event_handlers=None, ignore_user_meta=False, metas=['./colcon.meta'], base_paths=['.'], packages_ignore=None, packages_ignore_regex=None, paths=None, packages_up_to=None, packages_up_to_regex=None, packages_above=None, packages_above_and_dependencies=None, packages_above_depth=None, packages_select_by_dep=None, packages_skip_by_dep=None, packages_skip_up_to=None, packages_select_build_failed=False, packages_skip_build_finished=False, packages_select_test_failures=False, packages_skip_test_passed=False, packages_select=None, packages_skip=None, packages_select_regex=None, packages_skip_regex=None, packages_start=None, packages_end=None, allow_overriding=[], cmake_args=None, cmake_target=None, cmake_target_skip_unavailable=False, cmake_clean_cache=False, cmake_clean_first=False, cmake_force_configure=False, ament_cmake_args=None, catkin_cmake_args=None, catkin_skip_building_tests=False, verb_parser=<colcon_defaults.argument_parser.defaults.DefaultArgumentsDecorator object at 0x7fdf438994b0>, verb_extension=<colcon_core.verb.build.BuildVerb object at 0x7fdf440846d0>, main=<bound method BuildVerb.main of <colcon_core.verb.build.BuildVerb object at 0x7fdf440846d0>>)
[1.895s] Level 1:colcon.colcon_core.package_discovery:discover_packages(colcon_meta) check parameters
[1.895s] Level 1:colcon.colcon_core.package_discovery:discover_packages(recursive) check parameters
[1.896s] Level 1:colcon.colcon_core.package_discovery:discover_packages(ignore) check parameters
[1.896s] Level 1:colcon.colcon_core.package_discovery:discover_packages(path) check parameters
[1.896s] Level 1:colcon.colcon_core.package_discovery:discover_packages(colcon_meta) discover
[1.897s] Level 1:colcon.colcon_core.package_discovery:discover_packages(recursive) discover
[1.897s] INFO:colcon.colcon_core.package_discovery:Crawling recursively for packages in '/home/maxcap/Workspaces/orion_ws'
[1.898s] Level 1:colcon.colcon_core.package_identification:_identify(.) by extensions ['ignore', 'ignore_ament_install']
[1.898s] Level 1:colcon.colcon_core.package_identification:_identify(.) by extension 'ignore'
[1.898s] Level 1:colcon.colcon_core.package_identification:_identify(.) by extension 'ignore_ament_install'
[1.899s] Level 1:colcon.colcon_core.package_identification:_identify(.) by extensions ['colcon_pkg']
[1.899s] Level 1:colcon.colcon_core.package_identification:_identify(.) by extension 'colcon_pkg'
[1.900s] Level 1:colcon.colcon_core.package_identification:_identify(.) by extensions ['colcon_meta']
[1.900s] Level 1:colcon.colcon_core.package_identification:_identify(.) by extension 'colcon_meta'
[1.900s] Level 1:colcon.colcon_core.package_identification:_identify(.) by extensions ['ros']
[1.901s] Level 1:colcon.colcon_core.package_identification:_identify(.) by extension 'ros'
[1.932s] Level 1:colcon.colcon_core.package_identification:_identify(.) by extensions ['cmake', 'python']
[1.932s] Level 1:colcon.colcon_core.package_identification:_identify(.) by extension 'cmake'
[1.933s] Level 1:colcon.colcon_core.package_identification:_identify(.) by extension 'python'
[1.933s] Level 1:colcon.colcon_core.package_identification:_identify(.) by extensions ['python_setup_py']
[1.933s] Level 1:colcon.colcon_core.package_identification:_identify(.) by extension 'python_setup_py'
[1.934s] Level 1:colcon.colcon_core.package_identification:_identify(build) by extensions ['ignore', 'ignore_ament_install']
[1.934s] Level 1:colcon.colcon_core.package_identification:_identify(build) by extension 'ignore'
[1.935s] Level 1:colcon.colcon_core.package_identification:_identify(build) ignored
[1.935s] Level 1:colcon.colcon_core.package_identification:_identify(install) by extensions ['ignore', 'ignore_ament_install']
[1.944s] Level 1:colcon.colcon_core.package_identification:_identify(install) by extension 'ignore'
[1.944s] Level 1:colcon.colcon_core.package_identification:_identify(install) ignored
[1.945s] Level 1:colcon.colcon_core.package_identification:_identify(log) by extensions ['ignore', 'ignore_ament_install']
[1.945s] Level 1:colcon.colcon_core.package_identification:_identify(log) by extension 'ignore'
[1.946s] Level 1:colcon.colcon_core.package_identification:_identify(log) ignored
[1.946s] Level 1:colcon.colcon_core.package_identification:_identify(src) by extensions ['ignore', 'ignore_ament_install']
[1.947s] Level 1:colcon.colcon_core.package_identification:_identify(src) by extension 'ignore'
[1.947s] Level 1:colcon.colcon_core.package_identification:_identify(src) by extension 'ignore_ament_install'
[1.947s] Level 1:colcon.colcon_core.package_identification:_identify(src) by extensions ['colcon_pkg']
[1.948s] Level 1:colcon.colcon_core.package_identification:_identify(src) by extension 'colcon_pkg'
[1.948s] Level 1:colcon.colcon_core.package_identification:_identify(src) by extensions ['colcon_meta']
[1.948s] Level 1:colcon.colcon_core.package_identification:_identify(src) by extension 'colcon_meta'
[1.952s] Level 1:colcon.colcon_core.package_identification:_identify(src) by extensions ['ros']
[1.952s] Level 1:colcon.colcon_core.package_identification:_identify(src) by extension 'ros'
[1.952s] Level 1:colcon.colcon_core.package_identification:_identify(src) by extensions ['cmake', 'python']
[1.953s] Level 1:colcon.colcon_core.package_identification:_identify(src) by extension 'cmake'
[1.953s] Level 1:colcon.colcon_core.package_identification:_identify(src) by extension 'python'
[1.953s] Level 1:colcon.colcon_core.package_identification:_identify(src) by extensions ['python_setup_py']
[1.954s] Level 1:colcon.colcon_core.package_identification:_identify(src) by extension 'python_setup_py'
[1.954s] Level 1:colcon.colcon_core.package_identification:_identify(src/orion_pkg) by extensions ['ignore', 'ignore_ament_install']
[1.955s] Level 1:colcon.colcon_core.package_identification:_identify(src/orion_pkg) by extension 'ignore'
[1.955s] Level 1:colcon.colcon_core.package_identification:_identify(src/orion_pkg) by extension 'ignore_ament_install'
[1.956s] Level 1:colcon.colcon_core.package_identification:_identify(src/orion_pkg) by extensions ['colcon_pkg']
[1.956s] Level 1:colcon.colcon_core.package_identification:_identify(src/orion_pkg) by extension 'colcon_pkg'
[1.956s] Level 1:colcon.colcon_core.package_identification:_identify(src/orion_pkg) by extensions ['colcon_meta']
[1.957s] Level 1:colcon.colcon_core.package_identification:_identify(src/orion_pkg) by extension 'colcon_meta'
[1.957s] Level 1:colcon.colcon_core.package_identification:_identify(src/orion_pkg) by extensions ['ros']
[1.959s] Level 1:colcon.colcon_core.package_identification:_identify(src/orion_pkg) by extension 'ros'
[1.966s] DEBUG:colcon.colcon_core.package_identification:Package 'src/orion_pkg' with type 'ros.ament_cmake' and name 'orion_pkg'
[1.974s] Level 1:colcon.colcon_core.package_discovery:discover_packages(recursive) using defaults
[1.975s] Level 1:colcon.colcon_core.package_discovery:discover_packages(ignore) discover
[1.976s] Level 1:colcon.colcon_core.package_discovery:discover_packages(ignore) using defaults
[1.977s] Level 1:colcon.colcon_core.package_discovery:discover_packages(path) discover
[1.977s] Level 1:colcon.colcon_core.package_discovery:discover_packages(path) using defaults
[2.123s] Level 1:colcon.colcon_core.package_discovery:discover_packages(prefix_path) check parameters
[2.123s] Level 1:colcon.colcon_core.package_discovery:discover_packages(prefix_path) discover
[2.138s] DEBUG:colcon.colcon_installed_package_information.package_discovery:Found 287 installed packages in /opt/ros/humble
[2.151s] Level 1:colcon.colcon_core.package_discovery:discover_packages(prefix_path) using defaults
[2.535s] Level 5:colcon.colcon_core.verb:set package 'orion_pkg' build argument 'cmake_args' from command line to 'None'
[2.543s] Level 5:colcon.colcon_core.verb:set package 'orion_pkg' build argument 'cmake_target' from command line to 'None'
[2.543s] Level 5:colcon.colcon_core.verb:set package 'orion_pkg' build argument 'cmake_target_skip_unavailable' from command line to 'False'
[2.544s] Level 5:colcon.colcon_core.verb:set package 'orion_pkg' build argument 'cmake_clean_cache' from command line to 'False'
[2.544s] Level 5:colcon.colcon_core.verb:set package 'orion_pkg' build argument 'cmake_clean_first' from command line to 'False'
[2.544s] Level 5:colcon.colcon_core.verb:set package 'orion_pkg' build argument 'cmake_force_configure' from command line to 'False'
[2.544s] Level 5:colcon.colcon_core.verb:set package 'orion_pkg' build argument 'ament_cmake_args' from command line to 'None'
[2.544s] Level 5:colcon.colcon_core.verb:set package 'orion_pkg' build argument 'catkin_cmake_args' from command line to 'None'
[2.544s] Level 5:colcon.colcon_core.verb:set package 'orion_pkg' build argument 'catkin_skip_building_tests' from command line to 'False'
[2.544s] DEBUG:colcon.colcon_core.verb:Building package 'orion_pkg' with the following arguments: {'ament_cmake_args': None, 'build_base': '/home/maxcap/Workspaces/orion_ws/build/orion_pkg', 'catkin_cmake_args': None, 'catkin_skip_building_tests': False, 'cmake_args': None, 'cmake_clean_cache': False, 'cmake_clean_first': False, 'cmake_force_configure': False, 'cmake_target': None, 'cmake_target_skip_unavailable': False, 'install_base': '/home/maxcap/Workspaces/orion_ws/install/orion_pkg', 'merge_install': False, 'path': '/home/maxcap/Workspaces/orion_ws/src/orion_pkg', 'symlink_install': False, 'test_result_base': None}
[2.546s] INFO:colcon.colcon_core.executor:Executing jobs using 'parallel' executor
[2.570s] DEBUG:colcon.colcon_parallel_executor.executor.parallel:run_until_complete
[2.570s] INFO:colcon.colcon_ros.task.ament_cmake.build:Building ROS package in '/home/maxcap/Workspaces/orion_ws/src/orion_pkg' with build type 'ament_cmake'
[2.571s] INFO:colcon.colcon_cmake.task.cmake.build:Building CMake package in '/home/maxcap/Workspaces/orion_ws/src/orion_pkg'
[2.619s] INFO:colcon.colcon_core.plugin_system:Skipping extension 'colcon_core.shell.bat': Not used on non-Windows systems
[2.620s] INFO:colcon.colcon_core.shell:Skip shell extension 'powershell' for command environment: Not usable outside of PowerShell
[2.621s] DEBUG:colcon.colcon_core.shell:Skip shell extension 'dsv' for command environment
[2.680s] DEBUG:colcon.colcon_core.event_handler.log_command:Invoking command in '/home/maxcap/Workspaces/orion_ws/build/orion_pkg': CMAKE_PREFIX_PATH=/opt/ros/humble /usr/bin/cmake --build /home/maxcap/Workspaces/orion_ws/build/orion_pkg -- -j2 -l2
[6.922s] DEBUG:colcon.colcon_core.event_handler.log_command:Invoked command in '/home/maxcap/Workspaces/orion_ws/build/orion_pkg' returned '0': CMAKE_PREFIX_PATH=/opt/ros/humble /usr/bin/cmake --build /home/maxcap/Workspaces/orion_ws/build/orion_pkg -- -j2 -l2
[7.103s] DEBUG:colcon.colcon_core.event_handler.log_command:Invoking command in '/home/maxcap/Workspaces/orion_ws/build/orion_pkg': CMAKE_PREFIX_PATH=/opt/ros/humble /usr/bin/cmake --install /home/maxcap/Workspaces/orion_ws/build/orion_pkg
[7.320s] Level 1:colcon.colcon_core.environment:create_environment_scripts_only(orion_pkg)
[7.328s] DEBUG:colcon.colcon_core.event_handler.log_command:Invoked command in '/home/maxcap/Workspaces/orion_ws/build/orion_pkg' returned '0': CMAKE_PREFIX_PATH=/opt/ros/humble /usr/bin/cmake --install /home/maxcap/Workspaces/orion_ws/build/orion_pkg
[7.358s] Level 1:colcon.colcon_core.environment:checking '/home/maxcap/Workspaces/orion_ws/install/orion_pkg' for CMake module files
[7.365s] Level 1:colcon.colcon_core.environment:checking '/home/maxcap/Workspaces/orion_ws/install/orion_pkg' for CMake config files
[7.366s] Level 1:colcon.colcon_core.shell:create_environment_hook('orion_pkg', 'cmake_prefix_path')
[7.369s] INFO:colcon.colcon_core.shell:Creating environment hook '/home/maxcap/Workspaces/orion_ws/install/orion_pkg/share/orion_pkg/hook/cmake_prefix_path.ps1'
[7.378s] INFO:colcon.colcon_core.shell:Creating environment descriptor '/home/maxcap/Workspaces/orion_ws/install/orion_pkg/share/orion_pkg/hook/cmake_prefix_path.dsv'
[7.380s] INFO:colcon.colcon_core.shell:Creating environment hook '/home/maxcap/Workspaces/orion_ws/install/orion_pkg/share/orion_pkg/hook/cmake_prefix_path.sh'
[7.385s] Level 1:colcon.colcon_core.environment:checking '/home/maxcap/Workspaces/orion_ws/install/orion_pkg/lib'
[7.386s] Level 1:colcon.colcon_core.environment:checking '/home/maxcap/Workspaces/orion_ws/install/orion_pkg/bin'
[7.387s] Level 1:colcon.colcon_core.environment:checking '/home/maxcap/Workspaces/orion_ws/install/orion_pkg/lib/pkgconfig/orion_pkg.pc'
[7.389s] Level 1:colcon.colcon_core.environment:checking '/home/maxcap/Workspaces/orion_ws/install/orion_pkg/lib/python3.10/site-packages'
[7.390s] Level 1:colcon.colcon_core.environment:checking '/home/maxcap/Workspaces/orion_ws/install/orion_pkg/bin'
[7.397s] INFO:colcon.colcon_core.shell:Creating package script '/home/maxcap/Workspaces/orion_ws/install/orion_pkg/share/orion_pkg/package.ps1'
[7.408s] INFO:colcon.colcon_core.shell:Creating package descriptor '/home/maxcap/Workspaces/orion_ws/install/orion_pkg/share/orion_pkg/package.dsv'
[7.411s] INFO:colcon.colcon_core.shell:Creating package script '/home/maxcap/Workspaces/orion_ws/install/orion_pkg/share/orion_pkg/package.sh'
[7.415s] INFO:colcon.colcon_core.shell:Creating package script '/home/maxcap/Workspaces/orion_ws/install/orion_pkg/share/orion_pkg/package.bash'
[7.420s] INFO:colcon.colcon_core.shell:Creating package script '/home/maxcap/Workspaces/orion_ws/install/orion_pkg/share/orion_pkg/package.zsh'
[7.423s] Level 1:colcon.colcon_core.environment:create_file_with_runtime_dependencies(/home/maxcap/Workspaces/orion_ws/install/orion_pkg/share/colcon-core/packages/orion_pkg)
[7.516s] Level 1:colcon.colcon_core.environment:create_environment_scripts_only(orion_pkg)
[7.524s] Level 1:colcon.colcon_core.environment:checking '/home/maxcap/Workspaces/orion_ws/install/orion_pkg' for CMake module files
[7.527s] Level 1:colcon.colcon_core.environment:checking '/home/maxcap/Workspaces/orion_ws/install/orion_pkg' for CMake config files
[7.529s] Level 1:colcon.colcon_core.shell:create_environment_hook('orion_pkg', 'cmake_prefix_path')
[7.534s] INFO:colcon.colcon_core.shell:Creating environment hook '/home/maxcap/Workspaces/orion_ws/install/orion_pkg/share/orion_pkg/hook/cmake_prefix_path.ps1'
[7.535s] INFO:colcon.colcon_core.shell:Creating environment descriptor '/home/maxcap/Workspaces/orion_ws/install/orion_pkg/share/orion_pkg/hook/cmake_prefix_path.dsv'
[7.537s] INFO:colcon.colcon_core.shell:Creating environment hook '/home/maxcap/Workspaces/orion_ws/install/orion_pkg/share/orion_pkg/hook/cmake_prefix_path.sh'
[7.539s] Level 1:colcon.colcon_core.environment:checking '/home/maxcap/Workspaces/orion_ws/install/orion_pkg/lib'
[7.539s] Level 1:colcon.colcon_core.environment:checking '/home/maxcap/Workspaces/orion_ws/install/orion_pkg/bin'
[7.539s] Level 1:colcon.colcon_core.environment:checking '/home/maxcap/Workspaces/orion_ws/install/orion_pkg/lib/pkgconfig/orion_pkg.pc'
[7.540s] Level 1:colcon.colcon_core.environment:checking '/home/maxcap/Workspaces/orion_ws/install/orion_pkg/lib/python3.10/site-packages'
[7.541s] Level 1:colcon.colcon_core.environment:checking '/home/maxcap/Workspaces/orion_ws/install/orion_pkg/bin'
[7.545s] INFO:colcon.colcon_core.shell:Creating package script '/home/maxcap/Workspaces/orion_ws/install/orion_pkg/share/orion_pkg/package.ps1'
[7.546s] INFO:colcon.colcon_core.shell:Creating package descriptor '/home/maxcap/Workspaces/orion_ws/install/orion_pkg/share/orion_pkg/package.dsv'
[7.548s] INFO:colcon.colcon_core.shell:Creating package script '/home/maxcap/Workspaces/orion_ws/install/orion_pkg/share/orion_pkg/package.sh'
[7.550s] INFO:colcon.colcon_core.shell:Creating package script '/home/maxcap/Workspaces/orion_ws/install/orion_pkg/share/orion_pkg/package.bash'
[7.562s] INFO:colcon.colcon_core.shell:Creating package script '/home/maxcap/Workspaces/orion_ws/install/orion_pkg/share/orion_pkg/package.zsh'
[7.564s] Level 1:colcon.colcon_core.environment:create_file_with_runtime_dependencies(/home/maxcap/Workspaces/orion_ws/install/orion_pkg/share/colcon-core/packages/orion_pkg)
[7.566s] DEBUG:colcon.colcon_parallel_executor.executor.parallel:closing loop
[7.566s] DEBUG:colcon.colcon_parallel_executor.executor.parallel:loop closed
[7.567s] DEBUG:colcon.colcon_parallel_executor.executor.parallel:run_until_complete finished with '0'
[7.567s] DEBUG:colcon.colcon_core.event_reactor:joining thread
[7.599s] INFO:colcon.colcon_core.plugin_system:Skipping extension 'colcon_notification.desktop_notification.terminal_notifier': Not used on non-Darwin systems
[7.601s] INFO:colcon.colcon_core.plugin_system:Skipping extension 'colcon_notification.desktop_notification.win32': Not used on non-Windows systems
[7.601s] INFO:colcon.colcon_notification.desktop_notification:Sending desktop notification using 'notify2'
[7.684s] DEBUG:colcon.colcon_core.event_reactor:joined thread
[7.691s] INFO:colcon.colcon_core.shell:Creating prefix script '/home/maxcap/Workspaces/orion_ws/install/local_setup.ps1'
[7.695s] INFO:colcon.colcon_core.shell:Creating prefix util module '/home/maxcap/Workspaces/orion_ws/install/_local_setup_util_ps1.py'
[7.702s] INFO:colcon.colcon_core.shell:Creating prefix chain script '/home/maxcap/Workspaces/orion_ws/install/setup.ps1'
[7.705s] INFO:colcon.colcon_core.shell:Creating prefix script '/home/maxcap/Workspaces/orion_ws/install/local_setup.sh'
[7.707s] INFO:colcon.colcon_core.shell:Creating prefix util module '/home/maxcap/Workspaces/orion_ws/install/_local_setup_util_sh.py'
[7.710s] INFO:colcon.colcon_core.shell:Creating prefix chain script '/home/maxcap/Workspaces/orion_ws/install/setup.sh'
[7.719s] INFO:colcon.colcon_core.shell:Creating prefix script '/home/maxcap/Workspaces/orion_ws/install/local_setup.bash'
[7.723s] INFO:colcon.colcon_core.shell:Creating prefix chain script '/home/maxcap/Workspaces/orion_ws/install/setup.bash'
[7.728s] INFO:colcon.colcon_core.shell:Creating prefix script '/home/maxcap/Workspaces/orion_ws/install/local_setup.zsh'
[7.730s] INFO:colcon.colcon_core.shell:Creating prefix chain script '/home/maxcap/Workspaces/orion_ws/install/setup.zsh'
