[0.023s] Invoking command in '/home/maxcap/Workspaces/orion_ws/build/orion_pkg': CMAKE_PREFIX_PATH=/opt/ros/humble /usr/bin/cmake --build /home/maxcap/Workspaces/orion_ws/build/orion_pkg -- -j2 -l2
[0.050s] -- Found ament_cmake: 1.3.3 (/opt/ros/humble/share/ament_cmake/cmake)
[0.226s] -- Found rclpy: 3.3.7 (/opt/ros/humble/share/rclpy/cmake)
[0.289s] -- Found ament_lint_auto: 0.12.5 (/opt/ros/humble/share/ament_lint_auto/cmake)
[0.372s] -- Added test 'flake8' to check Python code syntax and style conventions
[0.374s] -- Added test 'lint_cmake' to check CMake code style
[0.375s] -- Added test 'pep257' to check Python code against some of the docstring style conventions in PEP 257
[0.377s] -- Added test 'xmllint' to check XML markup files
[0.378s] -- Configuring done
[0.383s] -- Generating done
[0.385s] -- Build files have been written to: /home/maxcap/Workspaces/orion_ws/build/orion_pkg
[0.435s] Built target ament_cmake_python_copy_scripts
[0.697s] running egg_info
[0.699s] writing scripts.egg-info/PKG-INFO
[0.700s] writing dependency_links to scripts.egg-info/dependency_links.txt
[0.701s] writing top-level names to scripts.egg-info/top_level.txt
[0.704s] reading manifest file 'scripts.egg-info/SOURCES.txt'
[0.705s] writing manifest file 'scripts.egg-info/SOURCES.txt'
[0.731s] Built target ament_cmake_python_build_scripts_egg
[0.747s] Invoked command in '/home/maxcap/Workspaces/orion_ws/build/orion_pkg' returned '0': CMAKE_PREFIX_PATH=/opt/ros/humble /usr/bin/cmake --build /home/maxcap/Workspaces/orion_ws/build/orion_pkg -- -j2 -l2
[0.771s] Invoking command in '/home/maxcap/Workspaces/orion_ws/build/orion_pkg': CMAKE_PREFIX_PATH=/opt/ros/humble /usr/bin/cmake --install /home/maxcap/Workspaces/orion_ws/build/orion_pkg
[0.779s] -- Install configuration: ""
[0.779s] -- Up-to-date: /home/maxcap/Workspaces/orion_ws/install/orion_pkg/share/orion_pkg/environment/pythonpath.sh
[0.784s] -- Installing: /home/maxcap/Workspaces/orion_ws/install/orion_pkg/share/orion_pkg/environment/pythonpath.dsv
[0.784s] -- Up-to-date: /home/maxcap/Workspaces/orion_ws/install/orion_pkg/local/lib/python3.10/dist-packages/scripts-0.0.0-py3.10.egg-info
[0.784s] -- Installing: /home/maxcap/Workspaces/orion_ws/install/orion_pkg/local/lib/python3.10/dist-packages/scripts-0.0.0-py3.10.egg-info/dependency_links.txt
[0.784s] -- Installing: /home/maxcap/Workspaces/orion_ws/install/orion_pkg/local/lib/python3.10/dist-packages/scripts-0.0.0-py3.10.egg-info/SOURCES.txt
[0.784s] -- Installing: /home/maxcap/Workspaces/orion_ws/install/orion_pkg/local/lib/python3.10/dist-packages/scripts-0.0.0-py3.10.egg-info/PKG-INFO
[0.784s] -- Installing: /home/maxcap/Workspaces/orion_ws/install/orion_pkg/local/lib/python3.10/dist-packages/scripts-0.0.0-py3.10.egg-info/top_level.txt
[0.784s] -- Up-to-date: /home/maxcap/Workspaces/orion_ws/install/orion_pkg/local/lib/python3.10/dist-packages/scripts
[0.784s] -- Installing: /home/maxcap/Workspaces/orion_ws/install/orion_pkg/local/lib/python3.10/dist-packages/scripts/Joystick_subpub.py
[0.784s] -- Installing: /home/maxcap/Workspaces/orion_ws/install/orion_pkg/local/lib/python3.10/dist-packages/scripts/templates
[0.784s] -- Installing: /home/maxcap/Workspaces/orion_ws/install/orion_pkg/local/lib/python3.10/dist-packages/scripts/templates/publisher.py
[0.784s] -- Installing: /home/maxcap/Workspaces/orion_ws/install/orion_pkg/local/lib/python3.10/dist-packages/scripts/templates/subscriber.py
[0.784s] -- Up-to-date: /home/maxcap/Workspaces/orion_ws/install/orion_pkg/local/lib/python3.10/dist-packages/scripts/__init__.py
[0.784s] -- Up-to-date: /home/maxcap/Workspaces/orion_ws/install/orion_pkg/local/lib/python3.10/dist-packages/scripts/joystick
[0.784s] -- Up-to-date: /home/maxcap/Workspaces/orion_ws/install/orion_pkg/local/lib/python3.10/dist-packages/scripts/joystick/joystick_commands.py
[0.784s] -- Up-to-date: /home/maxcap/Workspaces/orion_ws/install/orion_pkg/local/lib/python3.10/dist-packages/scripts/joystick/inputs.py
[0.815s] Listing '/home/maxcap/Workspaces/orion_ws/install/orion_pkg/local/lib/python3.10/dist-packages/scripts'...
[0.815s] Compiling '/home/maxcap/Workspaces/orion_ws/install/orion_pkg/local/lib/python3.10/dist-packages/scripts/Joystick_subpub.py'...
[0.815s] Listing '/home/maxcap/Workspaces/orion_ws/install/orion_pkg/local/lib/python3.10/dist-packages/scripts/joystick'...
[0.815s] Listing '/home/maxcap/Workspaces/orion_ws/install/orion_pkg/local/lib/python3.10/dist-packages/scripts/templates'...
[0.815s] Compiling '/home/maxcap/Workspaces/orion_ws/install/orion_pkg/local/lib/python3.10/dist-packages/scripts/templates/publisher.py'...
[0.816s] Compiling '/home/maxcap/Workspaces/orion_ws/install/orion_pkg/local/lib/python3.10/dist-packages/scripts/templates/subscriber.py'...
[0.826s] -- Up-to-date: /home/maxcap/Workspaces/orion_ws/install/orion_pkg/lib/orion_pkg/publisher.py
[0.826s] -- Up-to-date: /home/maxcap/Workspaces/orion_ws/install/orion_pkg/lib/orion_pkg/subscriber.py
[0.826s] -- Up-to-date: /home/maxcap/Workspaces/orion_ws/install/orion_pkg/lib/orion_pkg/joystick_commands.py
[0.826s] -- Up-to-date: /home/maxcap/Workspaces/orion_ws/install/orion_pkg/lib/orion_pkg/inputs.py
[0.826s] -- Installing: /home/maxcap/Workspaces/orion_ws/install/orion_pkg/lib/orion_pkg/Joystick_subpub.py
[0.826s] -- Up-to-date: /home/maxcap/Workspaces/orion_ws/install/orion_pkg/share/orion_pkg//launch
[0.826s] -- Installing: /home/maxcap/Workspaces/orion_ws/install/orion_pkg/share/orion_pkg//launch/other_launchers
[0.826s] -- Installing: /home/maxcap/Workspaces/orion_ws/install/orion_pkg/share/orion_pkg//launch/other_launchers/pubsub_launch.xml
[0.826s] -- Installing: /home/maxcap/Workspaces/orion_ws/install/orion_pkg/share/orion_pkg//launch/other_launchers/pubsub_launch.yaml
[0.826s] -- Installing: /home/maxcap/Workspaces/orion_ws/install/orion_pkg/share/orion_pkg//launch/pubsublaunch.py
[0.826s] -- Up-to-date: /home/maxcap/Workspaces/orion_ws/install/orion_pkg/share/ament_index/resource_index/package_run_dependencies/orion_pkg
[0.826s] -- Up-to-date: /home/maxcap/Workspaces/orion_ws/install/orion_pkg/share/ament_index/resource_index/parent_prefix_path/orion_pkg
[0.826s] -- Up-to-date: /home/maxcap/Workspaces/orion_ws/install/orion_pkg/share/orion_pkg/environment/ament_prefix_path.sh
[0.827s] -- Installing: /home/maxcap/Workspaces/orion_ws/install/orion_pkg/share/orion_pkg/environment/ament_prefix_path.dsv
[0.827s] -- Up-to-date: /home/maxcap/Workspaces/orion_ws/install/orion_pkg/share/orion_pkg/environment/path.sh
[0.827s] -- Installing: /home/maxcap/Workspaces/orion_ws/install/orion_pkg/share/orion_pkg/environment/path.dsv
[0.827s] -- Up-to-date: /home/maxcap/Workspaces/orion_ws/install/orion_pkg/share/orion_pkg/local_setup.bash
[0.827s] -- Up-to-date: /home/maxcap/Workspaces/orion_ws/install/orion_pkg/share/orion_pkg/local_setup.sh
[0.827s] -- Up-to-date: /home/maxcap/Workspaces/orion_ws/install/orion_pkg/share/orion_pkg/local_setup.zsh
[0.827s] -- Installing: /home/maxcap/Workspaces/orion_ws/install/orion_pkg/share/orion_pkg/local_setup.dsv
[0.827s] -- Installing: /home/maxcap/Workspaces/orion_ws/install/orion_pkg/share/orion_pkg/package.dsv
[0.827s] -- Up-to-date: /home/maxcap/Workspaces/orion_ws/install/orion_pkg/share/ament_index/resource_index/packages/orion_pkg
[0.827s] -- Up-to-date: /home/maxcap/Workspaces/orion_ws/install/orion_pkg/share/orion_pkg/cmake/orion_pkgConfig.cmake
[0.827s] -- Up-to-date: /home/maxcap/Workspaces/orion_ws/install/orion_pkg/share/orion_pkg/cmake/orion_pkgConfig-version.cmake
[0.827s] -- Up-to-date: /home/maxcap/Workspaces/orion_ws/install/orion_pkg/share/orion_pkg/package.xml
[0.838s] Invoked command in '/home/maxcap/Workspaces/orion_ws/build/orion_pkg' returned '0': CMAKE_PREFIX_PATH=/opt/ros/humble /usr/bin/cmake --install /home/maxcap/Workspaces/orion_ws/build/orion_pkg
