[0.028s] Invoking command in '/home/maxcap/Workspaces/orion_ws/build/cpp_launch_example': CMAKE_PREFIX_PATH=/opt/ros/humble /usr/bin/cmake /home/maxcap/Workspaces/orion_ws/src/cpp_launch_example -DCMAKE_INSTALL_PREFIX=/home/maxcap/Workspaces/orion_ws/install/cpp_launch_example
[0.194s] -- The C compiler identification is GNU 11.3.0
[0.286s] -- The CXX compiler identification is GNU 11.3.0
[0.304s] -- Detecting C compiler ABI info
[0.423s] -- Detecting C compiler ABI info - done
[0.433s] -- Check for working C compiler: /usr/bin/cc - skipped
[0.434s] -- Detecting C compile features
[0.435s] -- Detecting C compile features - done
[0.440s] -- Detecting CXX compiler ABI info
[0.545s] -- Detecting CXX compiler ABI info - done
[0.555s] -- Check for working CXX compiler: /usr/bin/c++ - skipped
[0.556s] -- Detecting CXX compile features
[0.556s] -- Detecting CXX compile features - done
[0.570s] -- Found ament_cmake: 1.3.3 (/opt/ros/humble/share/ament_cmake/cmake)
[0.755s] -- Found Python3: /usr/bin/python3.10 (found version "3.10.6") found components: Interpreter 
[0.838s] -- Found ament_lint_auto: 0.12.5 (/opt/ros/humble/share/ament_lint_auto/cmake)
[0.918s] -- Added test 'lint_cmake' to check CMake code style
[0.920s] -- Added test 'xmllint' to check XML markup files
[0.922s] -- Configuring done
[0.926s] -- Generating done
[0.927s] -- Build files have been written to: /home/maxcap/Workspaces/orion_ws/build/cpp_launch_example
[0.932s] Invoked command in '/home/maxcap/Workspaces/orion_ws/build/cpp_launch_example' returned '0': CMAKE_PREFIX_PATH=/opt/ros/humble /usr/bin/cmake /home/maxcap/Workspaces/orion_ws/src/cpp_launch_example -DCMAKE_INSTALL_PREFIX=/home/maxcap/Workspaces/orion_ws/install/cpp_launch_example
[0.939s] Invoking command in '/home/maxcap/Workspaces/orion_ws/build/cpp_launch_example': CMAKE_PREFIX_PATH=/opt/ros/humble /usr/bin/cmake --build /home/maxcap/Workspaces/orion_ws/build/cpp_launch_example -- -j2 -l2
[0.994s] Invoked command in '/home/maxcap/Workspaces/orion_ws/build/cpp_launch_example' returned '0': CMAKE_PREFIX_PATH=/opt/ros/humble /usr/bin/cmake --build /home/maxcap/Workspaces/orion_ws/build/cpp_launch_example -- -j2 -l2
[1.026s] Invoking command in '/home/maxcap/Workspaces/orion_ws/build/cpp_launch_example': CMAKE_PREFIX_PATH=/opt/ros/humble /usr/bin/cmake --install /home/maxcap/Workspaces/orion_ws/build/cpp_launch_example
[1.040s] -- Install configuration: ""
[1.040s] -- Installing: /home/maxcap/Workspaces/orion_ws/install/cpp_launch_example/share/cpp_launch_example//launch
[1.040s] -- Installing: /home/maxcap/Workspaces/orion_ws/install/cpp_launch_example/share/cpp_launch_example//launch/my_script_launch.xml
[1.040s] -- Installing: /home/maxcap/Workspaces/orion_ws/install/cpp_launch_example/share/ament_index/resource_index/package_run_dependencies/cpp_launch_example
[1.040s] -- Installing: /home/maxcap/Workspaces/orion_ws/install/cpp_launch_example/share/ament_index/resource_index/parent_prefix_path/cpp_launch_example
[1.040s] -- Installing: /home/maxcap/Workspaces/orion_ws/install/cpp_launch_example/share/cpp_launch_example/environment/ament_prefix_path.sh
[1.041s] -- Installing: /home/maxcap/Workspaces/orion_ws/install/cpp_launch_example/share/cpp_launch_example/environment/ament_prefix_path.dsv
[1.041s] -- Installing: /home/maxcap/Workspaces/orion_ws/install/cpp_launch_example/share/cpp_launch_example/environment/path.sh
[1.041s] -- Installing: /home/maxcap/Workspaces/orion_ws/install/cpp_launch_example/share/cpp_launch_example/environment/path.dsv
[1.041s] -- Installing: /home/maxcap/Workspaces/orion_ws/install/cpp_launch_example/share/cpp_launch_example/local_setup.bash
[1.041s] -- Installing: /home/maxcap/Workspaces/orion_ws/install/cpp_launch_example/share/cpp_launch_example/local_setup.sh
[1.041s] -- Installing: /home/maxcap/Workspaces/orion_ws/install/cpp_launch_example/share/cpp_launch_example/local_setup.zsh
[1.041s] -- Installing: /home/maxcap/Workspaces/orion_ws/install/cpp_launch_example/share/cpp_launch_example/local_setup.dsv
[1.041s] -- Installing: /home/maxcap/Workspaces/orion_ws/install/cpp_launch_example/share/cpp_launch_example/package.dsv
[1.041s] -- Installing: /home/maxcap/Workspaces/orion_ws/install/cpp_launch_example/share/ament_index/resource_index/packages/cpp_launch_example
[1.042s] -- Installing: /home/maxcap/Workspaces/orion_ws/install/cpp_launch_example/share/cpp_launch_example/cmake/cpp_launch_exampleConfig.cmake
[1.042s] -- Installing: /home/maxcap/Workspaces/orion_ws/install/cpp_launch_example/share/cpp_launch_example/cmake/cpp_launch_exampleConfig-version.cmake
[1.043s] -- Installing: /home/maxcap/Workspaces/orion_ws/install/cpp_launch_example/share/cpp_launch_example/package.xml
[1.046s] Invoked command in '/home/maxcap/Workspaces/orion_ws/build/cpp_launch_example' returned '0': CMAKE_PREFIX_PATH=/opt/ros/humble /usr/bin/cmake --install /home/maxcap/Workspaces/orion_ws/build/cpp_launch_example
