[0.000000] (-) TimerEvent: {}
[0.000229] (orion_pkg) JobQueued: {'identifier': 'orion_pkg', 'dependencies': OrderedDict()}
[0.000543] (orion_pkg) JobStarted: {'identifier': 'orion_pkg'}
[0.005393] (orion_pkg) JobProgress: {'identifier': 'orion_pkg', 'progress': 'cmake'}
[0.007860] (orion_pkg) JobProgress: {'identifier': 'orion_pkg', 'progress': 'build'}
[0.008025] (orion_pkg) Command: {'cmd': ['/usr/bin/cmake', '--build', '/Code/orion_ws/build/orion_pkg', '--', '-j2', '-l2'], 'cwd': '/Code/orion_ws/build/orion_pkg', 'env': OrderedDict([('HOSTNAME', 'dc1848bf04e1'), ('SHLVL', '1'), ('HOME', '/root'), ('OLDPWD', '/Code/orion_ws'), ('ROS_DISTRO', 'humble'), ('_', '/usr/bin/colcon'), ('TERM', 'xterm'), ('PATH', '/usr/local/sbin:/usr/local/bin:/usr/sbin:/usr/bin:/sbin:/bin'), ('LANG', 'C.UTF-8'), ('PWD', '/Code/orion_ws/build/orion_pkg'), ('LC_ALL', 'C.UTF-8'), ('COLCON', '1')]), 'shell': False}
[0.090083] (-) TimerEvent: {}
[0.177616] (orion_pkg) StdoutLine: {'line': b'Built target ament_cmake_python_copy_scripts\n'}
[0.190794] (-) TimerEvent: {}
[0.291622] (-) TimerEvent: {}
[0.392625] (-) TimerEvent: {}
[0.493445] (-) TimerEvent: {}
[0.502790] (orion_pkg) StdoutLine: {'line': b'running egg_info\n'}
[0.503722] (orion_pkg) StdoutLine: {'line': b'writing scripts.egg-info/PKG-INFO\n'}
[0.504232] (orion_pkg) StdoutLine: {'line': b'writing dependency_links to scripts.egg-info/dependency_links.txt\n'}
[0.505979] (orion_pkg) StdoutLine: {'line': b'writing top-level names to scripts.egg-info/top_level.txt\n'}
[0.507881] (orion_pkg) StdoutLine: {'line': b"reading manifest file 'scripts.egg-info/SOURCES.txt'\n"}
[0.508734] (orion_pkg) StdoutLine: {'line': b"writing manifest file 'scripts.egg-info/SOURCES.txt'\n"}
[0.564489] (orion_pkg) StdoutLine: {'line': b'Built target ament_cmake_python_build_scripts_egg\n'}
[0.583757] (orion_pkg) CommandEnded: {'returncode': 0}
[0.593632] (-) TimerEvent: {}
[0.618210] (orion_pkg) JobProgress: {'identifier': 'orion_pkg', 'progress': 'install'}
[0.630898] (orion_pkg) Command: {'cmd': ['/usr/bin/cmake', '--install', '/Code/orion_ws/build/orion_pkg'], 'cwd': '/Code/orion_ws/build/orion_pkg', 'env': OrderedDict([('HOSTNAME', 'dc1848bf04e1'), ('SHLVL', '1'), ('HOME', '/root'), ('OLDPWD', '/Code/orion_ws'), ('ROS_DISTRO', 'humble'), ('_', '/usr/bin/colcon'), ('TERM', 'xterm'), ('PATH', '/usr/local/sbin:/usr/local/bin:/usr/sbin:/usr/bin:/sbin:/bin'), ('LANG', 'C.UTF-8'), ('PWD', '/Code/orion_ws/build/orion_pkg'), ('LC_ALL', 'C.UTF-8'), ('COLCON', '1')]), 'shell': False}
[0.649400] (orion_pkg) StdoutLine: {'line': b'-- Install configuration: ""\n'}
[0.650028] (orion_pkg) StdoutLine: {'line': b'-- Up-to-date: /Code/orion_ws/install/orion_pkg/share/orion_pkg/environment/pythonpath.sh\n'}
[0.650178] (orion_pkg) StdoutLine: {'line': b'-- Up-to-date: /Code/orion_ws/install/orion_pkg/share/orion_pkg/environment/pythonpath.dsv\n'}
[0.651327] (orion_pkg) StdoutLine: {'line': b'-- Up-to-date: /Code/orion_ws/install/orion_pkg/local/lib/python3.10/dist-packages/scripts-0.0.0-py3.10.egg-info\n'}
[0.651496] (orion_pkg) StdoutLine: {'line': b'-- Installing: /Code/orion_ws/install/orion_pkg/local/lib/python3.10/dist-packages/scripts-0.0.0-py3.10.egg-info/dependency_links.txt\n'}
[0.652286] (orion_pkg) StdoutLine: {'line': b'-- Installing: /Code/orion_ws/install/orion_pkg/local/lib/python3.10/dist-packages/scripts-0.0.0-py3.10.egg-info/SOURCES.txt\n'}
[0.652383] (orion_pkg) StdoutLine: {'line': b'-- Installing: /Code/orion_ws/install/orion_pkg/local/lib/python3.10/dist-packages/scripts-0.0.0-py3.10.egg-info/PKG-INFO\n'}
[0.652451] (orion_pkg) StdoutLine: {'line': b'-- Installing: /Code/orion_ws/install/orion_pkg/local/lib/python3.10/dist-packages/scripts-0.0.0-py3.10.egg-info/top_level.txt\n'}
[0.652517] (orion_pkg) StdoutLine: {'line': b'-- Up-to-date: /Code/orion_ws/install/orion_pkg/local/lib/python3.10/dist-packages/scripts\n'}
[0.652580] (orion_pkg) StdoutLine: {'line': b'-- Up-to-date: /Code/orion_ws/install/orion_pkg/local/lib/python3.10/dist-packages/scripts/templates\n'}
[0.652664] (orion_pkg) StdoutLine: {'line': b'-- Up-to-date: /Code/orion_ws/install/orion_pkg/local/lib/python3.10/dist-packages/scripts/templates/publisher.py\n'}
[0.652754] (orion_pkg) StdoutLine: {'line': b'-- Up-to-date: /Code/orion_ws/install/orion_pkg/local/lib/python3.10/dist-packages/scripts/templates/subscriber.py\n'}
[0.652818] (orion_pkg) StdoutLine: {'line': b'-- Up-to-date: /Code/orion_ws/install/orion_pkg/local/lib/python3.10/dist-packages/scripts/Joystick_sub.py\n'}
[0.652881] (orion_pkg) StdoutLine: {'line': b'-- Up-to-date: /Code/orion_ws/install/orion_pkg/local/lib/python3.10/dist-packages/scripts/StreamingMode.py\n'}
[0.652946] (orion_pkg) StdoutLine: {'line': b'-- Up-to-date: /Code/orion_ws/install/orion_pkg/local/lib/python3.10/dist-packages/scripts/__init__.py\n'}
[0.653009] (orion_pkg) StdoutLine: {'line': b'-- Up-to-date: /Code/orion_ws/install/orion_pkg/local/lib/python3.10/dist-packages/scripts/joystick\n'}
[0.653100] (orion_pkg) StdoutLine: {'line': b'-- Up-to-date: /Code/orion_ws/install/orion_pkg/local/lib/python3.10/dist-packages/scripts/joystick/joystick_commands.py\n'}
[0.653179] (orion_pkg) StdoutLine: {'line': b'-- Up-to-date: /Code/orion_ws/install/orion_pkg/local/lib/python3.10/dist-packages/scripts/joystick/inputs.py\n'}
[0.692035] (orion_pkg) StdoutLine: {'line': b"Listing '/Code/orion_ws/install/orion_pkg/local/lib/python3.10/dist-packages/scripts'...\n"}
[0.692245] (orion_pkg) StdoutLine: {'line': b"Listing '/Code/orion_ws/install/orion_pkg/local/lib/python3.10/dist-packages/scripts/joystick'...\n"}
[0.692317] (orion_pkg) StdoutLine: {'line': b"Listing '/Code/orion_ws/install/orion_pkg/local/lib/python3.10/dist-packages/scripts/templates'...\n"}
[0.694752] (-) TimerEvent: {}
[0.696565] (orion_pkg) StdoutLine: {'line': b'-- Up-to-date: /Code/orion_ws/install/orion_pkg/lib/orion_pkg/publisher.py\n'}
[0.696701] (orion_pkg) StdoutLine: {'line': b'-- Up-to-date: /Code/orion_ws/install/orion_pkg/lib/orion_pkg/subscriber.py\n'}
[0.696771] (orion_pkg) StdoutLine: {'line': b'-- Up-to-date: /Code/orion_ws/install/orion_pkg/lib/orion_pkg/joystick_commands.py\n'}
[0.696920] (orion_pkg) StdoutLine: {'line': b'-- Up-to-date: /Code/orion_ws/install/orion_pkg/lib/orion_pkg/inputs.py\n'}
[0.697021] (orion_pkg) StdoutLine: {'line': b'-- Up-to-date: /Code/orion_ws/install/orion_pkg/lib/orion_pkg/Joystick_sub.py\n'}
[0.697124] (orion_pkg) StdoutLine: {'line': b'-- Up-to-date: /Code/orion_ws/install/orion_pkg/share/orion_pkg//launch\n'}
[0.697184] (orion_pkg) StdoutLine: {'line': b'-- Up-to-date: /Code/orion_ws/install/orion_pkg/share/orion_pkg//launch/other_launchers\n'}
[0.697284] (orion_pkg) StdoutLine: {'line': b'-- Up-to-date: /Code/orion_ws/install/orion_pkg/share/orion_pkg//launch/other_launchers/pubsub_launch.xml\n'}
[0.697405] (orion_pkg) StdoutLine: {'line': b'-- Up-to-date: /Code/orion_ws/install/orion_pkg/share/orion_pkg//launch/other_launchers/pubsub_launch.yaml\n'}
[0.697522] (orion_pkg) StdoutLine: {'line': b'-- Up-to-date: /Code/orion_ws/install/orion_pkg/share/orion_pkg//launch/pubsublaunch.py\n'}
[0.697627] (orion_pkg) StdoutLine: {'line': b'-- Up-to-date: /Code/orion_ws/install/orion_pkg/share/ament_index/resource_index/package_run_dependencies/orion_pkg\n'}
[0.697712] (orion_pkg) StdoutLine: {'line': b'-- Up-to-date: /Code/orion_ws/install/orion_pkg/share/ament_index/resource_index/parent_prefix_path/orion_pkg\n'}
[0.697904] (orion_pkg) StdoutLine: {'line': b'-- Up-to-date: /Code/orion_ws/install/orion_pkg/share/orion_pkg/environment/ament_prefix_path.sh\n'}
[0.697979] (orion_pkg) StdoutLine: {'line': b'-- Up-to-date: /Code/orion_ws/install/orion_pkg/share/orion_pkg/environment/ament_prefix_path.dsv\n'}
[0.698056] (orion_pkg) StdoutLine: {'line': b'-- Up-to-date: /Code/orion_ws/install/orion_pkg/share/orion_pkg/environment/path.sh\n'}
[0.698263] (orion_pkg) StdoutLine: {'line': b'-- Up-to-date: /Code/orion_ws/install/orion_pkg/share/orion_pkg/environment/path.dsv\n'}
[0.698440] (orion_pkg) StdoutLine: {'line': b'-- Up-to-date: /Code/orion_ws/install/orion_pkg/share/orion_pkg/local_setup.bash\n'}
[0.698545] (orion_pkg) StdoutLine: {'line': b'-- Up-to-date: /Code/orion_ws/install/orion_pkg/share/orion_pkg/local_setup.sh\n'}
[0.698641] (orion_pkg) StdoutLine: {'line': b'-- Up-to-date: /Code/orion_ws/install/orion_pkg/share/orion_pkg/local_setup.zsh\n'}
[0.698711] (orion_pkg) StdoutLine: {'line': b'-- Up-to-date: /Code/orion_ws/install/orion_pkg/share/orion_pkg/local_setup.dsv\n'}
[0.698767] (orion_pkg) StdoutLine: {'line': b'-- Installing: /Code/orion_ws/install/orion_pkg/share/orion_pkg/package.dsv\n'}
[0.698848] (orion_pkg) StdoutLine: {'line': b'-- Up-to-date: /Code/orion_ws/install/orion_pkg/share/ament_index/resource_index/packages/orion_pkg\n'}
[0.698997] (orion_pkg) StdoutLine: {'line': b'-- Up-to-date: /Code/orion_ws/install/orion_pkg/share/orion_pkg/cmake/orion_pkgConfig.cmake\n'}
[0.699054] (orion_pkg) StdoutLine: {'line': b'-- Up-to-date: /Code/orion_ws/install/orion_pkg/share/orion_pkg/cmake/orion_pkgConfig-version.cmake\n'}
[0.699140] (orion_pkg) StdoutLine: {'line': b'-- Up-to-date: /Code/orion_ws/install/orion_pkg/share/orion_pkg/package.xml\n'}
[0.700463] (orion_pkg) CommandEnded: {'returncode': 0}
[0.772050] (orion_pkg) JobEnded: {'identifier': 'orion_pkg', 'rc': 0}
[0.772841] (-) EventReactorShutdown: {}
