[0.034s] Invoking command in '/home/maxcap/Workspaces/orion_ws/build/orion_pkg': CMAKE_PREFIX_PATH=/opt/ros/humble /usr/bin/cmake --build /home/maxcap/Workspaces/orion_ws/build/orion_pkg -- -j2 -l2
[0.136s] -- Found ament_cmake: 1.3.3 (/opt/ros/humble/share/ament_cmake/cmake)
[0.365s] -- Found rclpy: 3.3.7 (/opt/ros/humble/share/rclpy/cmake)
[0.439s] -- Found ament_lint_auto: 0.12.5 (/opt/ros/humble/share/ament_lint_auto/cmake)
[0.522s] -- Added test 'flake8' to check Python code syntax and style conventions
[0.524s] -- Added test 'lint_cmake' to check CMake code style
[0.527s] -- Added test 'pep257' to check Python code against some of the docstring style conventions in PEP 257
[0.532s] -- Added test 'xmllint' to check XML markup files
[0.536s] -- Configuring done
[0.549s] -- Generating done
[0.551s] -- Build files have been written to: /home/maxcap/Workspaces/orion_ws/build/orion_pkg
[0.593s] Built target ament_cmake_python_copy_scripts
[0.851s] running egg_info
[0.851s] writing scripts.egg-info/PKG-INFO
[0.852s] writing dependency_links to scripts.egg-info/dependency_links.txt
[0.853s] writing top-level names to scripts.egg-info/top_level.txt
[0.855s] reading manifest file 'scripts.egg-info/SOURCES.txt'
[0.857s] writing manifest file 'scripts.egg-info/SOURCES.txt'
[0.881s] Built target ament_cmake_python_build_scripts_egg
[0.892s] Invoked command in '/home/maxcap/Workspaces/orion_ws/build/orion_pkg' returned '0': CMAKE_PREFIX_PATH=/opt/ros/humble /usr/bin/cmake --build /home/maxcap/Workspaces/orion_ws/build/orion_pkg -- -j2 -l2
[0.917s] Invoking command in '/home/maxcap/Workspaces/orion_ws/build/orion_pkg': CMAKE_PREFIX_PATH=/opt/ros/humble /usr/bin/cmake --install /home/maxcap/Workspaces/orion_ws/build/orion_pkg
[0.929s] -- Install configuration: ""
[0.929s] -- Up-to-date: /home/maxcap/Workspaces/orion_ws/install/orion_pkg/share/orion_pkg/environment/pythonpath.sh
[0.929s] -- Installing: /home/maxcap/Workspaces/orion_ws/install/orion_pkg/share/orion_pkg/environment/pythonpath.dsv
[0.930s] -- Up-to-date: /home/maxcap/Workspaces/orion_ws/install/orion_pkg/local/lib/python3.10/dist-packages/scripts-0.0.0-py3.10.egg-info
[0.930s] -- Installing: /home/maxcap/Workspaces/orion_ws/install/orion_pkg/local/lib/python3.10/dist-packages/scripts-0.0.0-py3.10.egg-info/dependency_links.txt
[0.930s] -- Installing: /home/maxcap/Workspaces/orion_ws/install/orion_pkg/local/lib/python3.10/dist-packages/scripts-0.0.0-py3.10.egg-info/SOURCES.txt
[0.931s] -- Installing: /home/maxcap/Workspaces/orion_ws/install/orion_pkg/local/lib/python3.10/dist-packages/scripts-0.0.0-py3.10.egg-info/PKG-INFO
[0.931s] -- Installing: /home/maxcap/Workspaces/orion_ws/install/orion_pkg/local/lib/python3.10/dist-packages/scripts-0.0.0-py3.10.egg-info/top_level.txt
[0.932s] -- Up-to-date: /home/maxcap/Workspaces/orion_ws/install/orion_pkg/local/lib/python3.10/dist-packages/scripts
[0.932s] -- Installing: /home/maxcap/Workspaces/orion_ws/install/orion_pkg/local/lib/python3.10/dist-packages/scripts/joystick_commands.py
[0.932s] -- Up-to-date: /home/maxcap/Workspaces/orion_ws/install/orion_pkg/local/lib/python3.10/dist-packages/scripts/__init__.py
[0.932s] -- Up-to-date: /home/maxcap/Workspaces/orion_ws/install/orion_pkg/local/lib/python3.10/dist-packages/scripts/publisher.py
[0.932s] -- Up-to-date: /home/maxcap/Workspaces/orion_ws/install/orion_pkg/local/lib/python3.10/dist-packages/scripts/inputs.py
[0.933s] -- Up-to-date: /home/maxcap/Workspaces/orion_ws/install/orion_pkg/local/lib/python3.10/dist-packages/scripts/subscriber.py
[0.933s] -- Up-to-date: /home/maxcap/Workspaces/orion_ws/install/orion_pkg/local/lib/python3.10/dist-packages/scripts/exo_joystick_code.py
[0.975s] Listing '/home/maxcap/Workspaces/orion_ws/install/orion_pkg/local/lib/python3.10/dist-packages/scripts'...
[0.975s] Compiling '/home/maxcap/Workspaces/orion_ws/install/orion_pkg/local/lib/python3.10/dist-packages/scripts/joystick_commands.py'...
[0.986s] -- Up-to-date: /home/maxcap/Workspaces/orion_ws/install/orion_pkg/lib/orion_pkg/publisher.py
[0.986s] -- Up-to-date: /home/maxcap/Workspaces/orion_ws/install/orion_pkg/lib/orion_pkg/subscriber.py
[0.987s] -- Installing: /home/maxcap/Workspaces/orion_ws/install/orion_pkg/lib/orion_pkg/joystick_commands.py
[0.987s] -- Up-to-date: /home/maxcap/Workspaces/orion_ws/install/orion_pkg/lib/orion_pkg/inputs.py
[0.987s] -- Up-to-date: /home/maxcap/Workspaces/orion_ws/install/orion_pkg/share/orion_pkg//launch
[0.988s] -- Up-to-date: /home/maxcap/Workspaces/orion_ws/install/orion_pkg/share/orion_pkg//launch/pubsublaunch.py
[0.988s] -- Up-to-date: /home/maxcap/Workspaces/orion_ws/install/orion_pkg/share/orion_pkg//launch/pubsub_launch.xml
[0.988s] -- Up-to-date: /home/maxcap/Workspaces/orion_ws/install/orion_pkg/share/orion_pkg//launch/pubsub_launch.yaml
[0.990s] -- Up-to-date: /home/maxcap/Workspaces/orion_ws/install/orion_pkg/share/ament_index/resource_index/package_run_dependencies/orion_pkg
[0.992s] -- Up-to-date: /home/maxcap/Workspaces/orion_ws/install/orion_pkg/share/ament_index/resource_index/parent_prefix_path/orion_pkg
[0.992s] -- Up-to-date: /home/maxcap/Workspaces/orion_ws/install/orion_pkg/share/orion_pkg/environment/ament_prefix_path.sh
[0.992s] -- Installing: /home/maxcap/Workspaces/orion_ws/install/orion_pkg/share/orion_pkg/environment/ament_prefix_path.dsv
[0.992s] -- Up-to-date: /home/maxcap/Workspaces/orion_ws/install/orion_pkg/share/orion_pkg/environment/path.sh
[0.993s] -- Installing: /home/maxcap/Workspaces/orion_ws/install/orion_pkg/share/orion_pkg/environment/path.dsv
[0.993s] -- Up-to-date: /home/maxcap/Workspaces/orion_ws/install/orion_pkg/share/orion_pkg/local_setup.bash
[0.993s] -- Up-to-date: /home/maxcap/Workspaces/orion_ws/install/orion_pkg/share/orion_pkg/local_setup.sh
[0.993s] -- Up-to-date: /home/maxcap/Workspaces/orion_ws/install/orion_pkg/share/orion_pkg/local_setup.zsh
[0.994s] -- Installing: /home/maxcap/Workspaces/orion_ws/install/orion_pkg/share/orion_pkg/local_setup.dsv
[0.994s] -- Installing: /home/maxcap/Workspaces/orion_ws/install/orion_pkg/share/orion_pkg/package.dsv
[0.995s] -- Up-to-date: /home/maxcap/Workspaces/orion_ws/install/orion_pkg/share/ament_index/resource_index/packages/orion_pkg
[0.996s] -- Up-to-date: /home/maxcap/Workspaces/orion_ws/install/orion_pkg/share/orion_pkg/cmake/orion_pkgConfig.cmake
[0.996s] -- Up-to-date: /home/maxcap/Workspaces/orion_ws/install/orion_pkg/share/orion_pkg/cmake/orion_pkgConfig-version.cmake
[0.997s] -- Up-to-date: /home/maxcap/Workspaces/orion_ws/install/orion_pkg/share/orion_pkg/package.xml
[1.001s] Invoked command in '/home/maxcap/Workspaces/orion_ws/build/orion_pkg' returned '0': CMAKE_PREFIX_PATH=/opt/ros/humble /usr/bin/cmake --install /home/maxcap/Workspaces/orion_ws/build/orion_pkg
