[0.018s] Invoking command in '/Code/orion_ws/build/orion_pkg': CMAKE_PREFIX_PATH=/opt/ros/humble /usr/bin/cmake /Code/orion_ws/src/orion_pkg -DCMAKE_INSTALL_PREFIX=/Code/orion_ws/install/orion_pkg
[0.187s] -- The C compiler identification is GNU 11.3.0
[0.279s] -- The CXX compiler identification is GNU 11.3.0
[0.305s] -- Detecting C compiler ABI info
[0.409s] -- Detecting C compiler ABI info - done
[0.415s] -- Check for working C compiler: /usr/bin/cc - skipped
[0.416s] -- Detecting C compile features
[0.419s] -- Detecting C compile features - done
[0.426s] -- Detecting CXX compiler ABI info
[0.551s] -- Detecting CXX compiler ABI info - done
[0.567s] -- Check for working CXX compiler: /usr/bin/c++ - skipped
[0.567s] -- Detecting CXX compile features
[0.568s] -- Detecting CXX compile features - done
[0.588s] -- Found ament_cmake: 1.3.4 (/opt/ros/humble/share/ament_cmake/cmake)
[0.840s] -- Found Python3: /usr/bin/python3.10 (found version "3.10.6") found components: Interpreter 
[1.024s] -- Found rclpy: 3.3.8 (/opt/ros/humble/share/rclpy/cmake)
[1.029s] -- Found rosidl_default_generators: 1.2.0 (/opt/ros/humble/share/rosidl_default_generators/cmake)
[1.042s] -- Using all available rosidl_typesupport_c: rosidl_typesupport_fastrtps_c;rosidl_typesupport_introspection_c
[1.058s] -- Found rosidl_adapter: 3.1.4 (/opt/ros/humble/share/rosidl_adapter/cmake)
[1.166s] -- Using all available rosidl_typesupport_cpp: rosidl_typesupport_fastrtps_cpp;rosidl_typesupport_introspection_cpp
[1.578s] [31mCMake Error at /opt/ros/humble/share/rosidl_cmake/cmake/rosidl_generate_interfaces.cmake:162 (message):
[1.578s]   rosidl_generate_interfaces() the passed dependency 'lib/orion_pkg' has not
[1.578s]   been found before using find_package()
[1.578s] Call Stack (most recent call first):
[1.578s]   CMakeLists.txt:16 (rosidl_generate_interfaces)
[1.578s] 
[1.578s] [0m
[1.579s] -- Configuring incomplete, errors occurred!
[1.579s] See also "/Code/orion_ws/build/orion_pkg/CMakeFiles/CMakeOutput.log".
[1.587s] Invoked command in '/Code/orion_ws/build/orion_pkg' returned '1': CMAKE_PREFIX_PATH=/opt/ros/humble /usr/bin/cmake /Code/orion_ws/src/orion_pkg -DCMAKE_INSTALL_PREFIX=/Code/orion_ws/install/orion_pkg
