[0.041s] Invoking command in '/home/maxcap/Workspaces/orion_ws/build/orion_pkg': CMAKE_PREFIX_PATH=${CMAKE_PREFIX_PATH}:/opt/ros/humble /usr/bin/cmake --build /home/maxcap/Workspaces/orion_ws/build/orion_pkg -- -j2 -l2
[0.104s] Built target ament_cmake_python_copy_scripts
[0.372s] running egg_info
[0.373s] writing scripts.egg-info/PKG-INFO
[0.374s] writing dependency_links to scripts.egg-info/dependency_links.txt
[0.374s] writing top-level names to scripts.egg-info/top_level.txt
[0.376s] reading manifest file 'scripts.egg-info/SOURCES.txt'
[0.377s] writing manifest file 'scripts.egg-info/SOURCES.txt'
[0.400s] Built target ament_cmake_python_build_scripts_egg
[0.410s] Invoked command in '/home/maxcap/Workspaces/orion_ws/build/orion_pkg' returned '0': CMAKE_PREFIX_PATH=${CMAKE_PREFIX_PATH}:/opt/ros/humble /usr/bin/cmake --build /home/maxcap/Workspaces/orion_ws/build/orion_pkg -- -j2 -l2
[0.446s] Invoking command in '/home/maxcap/Workspaces/orion_ws/build/orion_pkg': CMAKE_PREFIX_PATH=${CMAKE_PREFIX_PATH}:/opt/ros/humble /usr/bin/cmake --install /home/maxcap/Workspaces/orion_ws/build/orion_pkg
[0.453s] -- Install configuration: ""
[0.453s] -- Up-to-date: /home/maxcap/Workspaces/orion_ws/install/orion_pkg/share/orion_pkg/environment/pythonpath.sh
[0.454s] -- Up-to-date: /home/maxcap/Workspaces/orion_ws/install/orion_pkg/share/orion_pkg/environment/pythonpath.dsv
[0.454s] -- Up-to-date: /home/maxcap/Workspaces/orion_ws/install/orion_pkg/local/lib/python3.10/dist-packages/scripts-0.0.0-py3.10.egg-info
[0.454s] -- Installing: /home/maxcap/Workspaces/orion_ws/install/orion_pkg/local/lib/python3.10/dist-packages/scripts-0.0.0-py3.10.egg-info/dependency_links.txt
[0.454s] -- Installing: /home/maxcap/Workspaces/orion_ws/install/orion_pkg/local/lib/python3.10/dist-packages/scripts-0.0.0-py3.10.egg-info/SOURCES.txt
[0.455s] -- Installing: /home/maxcap/Workspaces/orion_ws/install/orion_pkg/local/lib/python3.10/dist-packages/scripts-0.0.0-py3.10.egg-info/PKG-INFO
[0.455s] -- Installing: /home/maxcap/Workspaces/orion_ws/install/orion_pkg/local/lib/python3.10/dist-packages/scripts-0.0.0-py3.10.egg-info/top_level.txt
[0.455s] -- Up-to-date: /home/maxcap/Workspaces/orion_ws/install/orion_pkg/local/lib/python3.10/dist-packages/scripts
[0.455s] -- Up-to-date: /home/maxcap/Workspaces/orion_ws/install/orion_pkg/local/lib/python3.10/dist-packages/scripts/templates
[0.465s] -- Up-to-date: /home/maxcap/Workspaces/orion_ws/install/orion_pkg/local/lib/python3.10/dist-packages/scripts/templates/publisher.py
[0.466s] -- Up-to-date: /home/maxcap/Workspaces/orion_ws/install/orion_pkg/local/lib/python3.10/dist-packages/scripts/templates/subscriber.py
[0.466s] -- Installing: /home/maxcap/Workspaces/orion_ws/install/orion_pkg/local/lib/python3.10/dist-packages/scripts/Joystick_sub.py
[0.466s] -- Up-to-date: /home/maxcap/Workspaces/orion_ws/install/orion_pkg/local/lib/python3.10/dist-packages/scripts/__init__.py
[0.466s] -- Up-to-date: /home/maxcap/Workspaces/orion_ws/install/orion_pkg/local/lib/python3.10/dist-packages/scripts/joystick
[0.466s] -- Up-to-date: /home/maxcap/Workspaces/orion_ws/install/orion_pkg/local/lib/python3.10/dist-packages/scripts/joystick/joystick_commands.py
[0.466s] -- Up-to-date: /home/maxcap/Workspaces/orion_ws/install/orion_pkg/local/lib/python3.10/dist-packages/scripts/joystick/inputs.py
[0.493s] Listing '/home/maxcap/Workspaces/orion_ws/install/orion_pkg/local/lib/python3.10/dist-packages/scripts'...
[0.493s] Compiling '/home/maxcap/Workspaces/orion_ws/install/orion_pkg/local/lib/python3.10/dist-packages/scripts/Joystick_sub.py'...
[0.493s] Listing '/home/maxcap/Workspaces/orion_ws/install/orion_pkg/local/lib/python3.10/dist-packages/scripts/joystick'...
[0.493s] Listing '/home/maxcap/Workspaces/orion_ws/install/orion_pkg/local/lib/python3.10/dist-packages/scripts/templates'...
[0.497s] -- Up-to-date: /home/maxcap/Workspaces/orion_ws/install/orion_pkg/lib/orion_pkg/publisher.py
[0.497s] -- Up-to-date: /home/maxcap/Workspaces/orion_ws/install/orion_pkg/lib/orion_pkg/subscriber.py
[0.497s] -- Up-to-date: /home/maxcap/Workspaces/orion_ws/install/orion_pkg/lib/orion_pkg/joystick_commands.py
[0.500s] -- Up-to-date: /home/maxcap/Workspaces/orion_ws/install/orion_pkg/lib/orion_pkg/inputs.py
[0.500s] -- Installing: /home/maxcap/Workspaces/orion_ws/install/orion_pkg/lib/orion_pkg/Joystick_sub.py
[0.500s] -- Up-to-date: /home/maxcap/Workspaces/orion_ws/install/orion_pkg/share/orion_pkg//launch
[0.500s] -- Up-to-date: /home/maxcap/Workspaces/orion_ws/install/orion_pkg/share/orion_pkg//launch/other_launchers
[0.500s] -- Up-to-date: /home/maxcap/Workspaces/orion_ws/install/orion_pkg/share/orion_pkg//launch/other_launchers/pubsub_launch.xml
[0.500s] -- Up-to-date: /home/maxcap/Workspaces/orion_ws/install/orion_pkg/share/orion_pkg//launch/other_launchers/pubsub_launch.yaml
[0.501s] -- Up-to-date: /home/maxcap/Workspaces/orion_ws/install/orion_pkg/share/orion_pkg//launch/pubsublaunch.py
[0.501s] -- Up-to-date: /home/maxcap/Workspaces/orion_ws/install/orion_pkg/share/ament_index/resource_index/package_run_dependencies/orion_pkg
[0.501s] -- Up-to-date: /home/maxcap/Workspaces/orion_ws/install/orion_pkg/share/ament_index/resource_index/parent_prefix_path/orion_pkg
[0.501s] -- Up-to-date: /home/maxcap/Workspaces/orion_ws/install/orion_pkg/share/orion_pkg/environment/ament_prefix_path.sh
[0.501s] -- Up-to-date: /home/maxcap/Workspaces/orion_ws/install/orion_pkg/share/orion_pkg/environment/ament_prefix_path.dsv
[0.501s] -- Up-to-date: /home/maxcap/Workspaces/orion_ws/install/orion_pkg/share/orion_pkg/environment/path.sh
[0.501s] -- Up-to-date: /home/maxcap/Workspaces/orion_ws/install/orion_pkg/share/orion_pkg/environment/path.dsv
[0.501s] -- Up-to-date: /home/maxcap/Workspaces/orion_ws/install/orion_pkg/share/orion_pkg/local_setup.bash
[0.501s] -- Up-to-date: /home/maxcap/Workspaces/orion_ws/install/orion_pkg/share/orion_pkg/local_setup.sh
[0.501s] -- Up-to-date: /home/maxcap/Workspaces/orion_ws/install/orion_pkg/share/orion_pkg/local_setup.zsh
[0.501s] -- Up-to-date: /home/maxcap/Workspaces/orion_ws/install/orion_pkg/share/orion_pkg/local_setup.dsv
[0.501s] -- Installing: /home/maxcap/Workspaces/orion_ws/install/orion_pkg/share/orion_pkg/package.dsv
[0.501s] -- Up-to-date: /home/maxcap/Workspaces/orion_ws/install/orion_pkg/share/ament_index/resource_index/packages/orion_pkg
[0.501s] -- Up-to-date: /home/maxcap/Workspaces/orion_ws/install/orion_pkg/share/orion_pkg/cmake/orion_pkgConfig.cmake
[0.502s] -- Up-to-date: /home/maxcap/Workspaces/orion_ws/install/orion_pkg/share/orion_pkg/cmake/orion_pkgConfig-version.cmake
[0.502s] -- Up-to-date: /home/maxcap/Workspaces/orion_ws/install/orion_pkg/share/orion_pkg/package.xml
[0.510s] Invoked command in '/home/maxcap/Workspaces/orion_ws/build/orion_pkg' returned '0': CMAKE_PREFIX_PATH=${CMAKE_PREFIX_PATH}:/opt/ros/humble /usr/bin/cmake --install /home/maxcap/Workspaces/orion_ws/build/orion_pkg
