[0.036s] Invoking command in '/home/maxcap/Workspaces/orion_ws/build/cpp_launch_example': CMAKE_PREFIX_PATH=${CMAKE_PREFIX_PATH}:/opt/ros/humble /usr/bin/cmake --build /home/maxcap/Workspaces/orion_ws/build/cpp_launch_example -- -j2 -l2
[0.096s] Invoked command in '/home/maxcap/Workspaces/orion_ws/build/cpp_launch_example' returned '0': CMAKE_PREFIX_PATH=${CMAKE_PREFIX_PATH}:/opt/ros/humble /usr/bin/cmake --build /home/maxcap/Workspaces/orion_ws/build/cpp_launch_example -- -j2 -l2
[0.157s] Invoking command in '/home/maxcap/Workspaces/orion_ws/build/cpp_launch_example': CMAKE_PREFIX_PATH=${CMAKE_PREFIX_PATH}:/opt/ros/humble /usr/bin/cmake --install /home/maxcap/Workspaces/orion_ws/build/cpp_launch_example
[0.169s] -- Install configuration: ""
[0.170s] -- Up-to-date: /home/maxcap/Workspaces/orion_ws/install/cpp_launch_example/share/cpp_launch_example//launch
[0.170s] -- Up-to-date: /home/maxcap/Workspaces/orion_ws/install/cpp_launch_example/share/cpp_launch_example//launch/my_script_launch.xml
[0.171s] -- Up-to-date: /home/maxcap/Workspaces/orion_ws/install/cpp_launch_example/share/ament_index/resource_index/package_run_dependencies/cpp_launch_example
[0.171s] -- Up-to-date: /home/maxcap/Workspaces/orion_ws/install/cpp_launch_example/share/ament_index/resource_index/parent_prefix_path/cpp_launch_example
[0.172s] -- Up-to-date: /home/maxcap/Workspaces/orion_ws/install/cpp_launch_example/share/cpp_launch_example/environment/ament_prefix_path.sh
[0.172s] -- Up-to-date: /home/maxcap/Workspaces/orion_ws/install/cpp_launch_example/share/cpp_launch_example/environment/ament_prefix_path.dsv
[0.172s] -- Up-to-date: /home/maxcap/Workspaces/orion_ws/install/cpp_launch_example/share/cpp_launch_example/environment/path.sh
[0.173s] -- Up-to-date: /home/maxcap/Workspaces/orion_ws/install/cpp_launch_example/share/cpp_launch_example/environment/path.dsv
[0.173s] -- Up-to-date: /home/maxcap/Workspaces/orion_ws/install/cpp_launch_example/share/cpp_launch_example/local_setup.bash
[0.174s] -- Up-to-date: /home/maxcap/Workspaces/orion_ws/install/cpp_launch_example/share/cpp_launch_example/local_setup.sh
[0.174s] -- Up-to-date: /home/maxcap/Workspaces/orion_ws/install/cpp_launch_example/share/cpp_launch_example/local_setup.zsh
[0.175s] -- Up-to-date: /home/maxcap/Workspaces/orion_ws/install/cpp_launch_example/share/cpp_launch_example/local_setup.dsv
[0.175s] -- Installing: /home/maxcap/Workspaces/orion_ws/install/cpp_launch_example/share/cpp_launch_example/package.dsv
[0.176s] -- Up-to-date: /home/maxcap/Workspaces/orion_ws/install/cpp_launch_example/share/ament_index/resource_index/packages/cpp_launch_example
[0.177s] -- Up-to-date: /home/maxcap/Workspaces/orion_ws/install/cpp_launch_example/share/cpp_launch_example/cmake/cpp_launch_exampleConfig.cmake
[0.177s] -- Up-to-date: /home/maxcap/Workspaces/orion_ws/install/cpp_launch_example/share/cpp_launch_example/cmake/cpp_launch_exampleConfig-version.cmake
[0.178s] -- Up-to-date: /home/maxcap/Workspaces/orion_ws/install/cpp_launch_example/share/cpp_launch_example/package.xml
[0.188s] Invoked command in '/home/maxcap/Workspaces/orion_ws/build/cpp_launch_example' returned '0': CMAKE_PREFIX_PATH=${CMAKE_PREFIX_PATH}:/opt/ros/humble /usr/bin/cmake --install /home/maxcap/Workspaces/orion_ws/build/cpp_launch_example
