[13.308s] DEBUG:colcon:Command line arguments: ['/usr/bin/colcon', 'list', '-p', '--base-paths', '/home/maxcap/Workspaces/orion_ws']
[13.308s] DEBUG:colcon:Parsed command line arguments: Namespace(log_base=None, log_level=None, verb_name='list', build_base='build', ignore_user_meta=False, metas=['./colcon.meta'], base_paths=['/home/maxcap/Workspaces/orion_ws'], packages_ignore=None, packages_ignore_regex=None, paths=None, packages_up_to=None, packages_up_to_regex=None, packages_above=None, packages_above_and_dependencies=None, packages_above_depth=None, packages_select_by_dep=None, packages_skip_by_dep=None, packages_skip_up_to=None, packages_select_build_failed=False, packages_skip_build_finished=False, packages_select_test_failures=False, packages_skip_test_passed=False, packages_select=None, packages_skip=None, packages_select_regex=None, packages_skip_regex=None, packages_start=None, packages_end=None, allow_overriding=[], topological_order=False, names_only=False, paths_only=True, topological_graph=False, topological_graph_dot=False, topological_graph_density=False, topological_graph_legend=False, topological_graph_dot_cluster=False, topological_graph_dot_include_skipped=False, verb_parser=<colcon_defaults.argument_parser.defaults.DefaultArgumentsDecorator object at 0x7f39902a65c0>, verb_extension=<colcon_package_information.verb.list.ListVerb object at 0x7f399024da50>, main=<bound method ListVerb.main of <colcon_package_information.verb.list.ListVerb object at 0x7f399024da50>>)
[14.449s] Level 1:colcon.colcon_core.package_discovery:discover_packages(colcon_meta) check parameters
[14.450s] Level 1:colcon.colcon_core.package_discovery:discover_packages(recursive) check parameters
[14.450s] Level 1:colcon.colcon_core.package_discovery:discover_packages(ignore) check parameters
[14.450s] Level 1:colcon.colcon_core.package_discovery:discover_packages(path) check parameters
[14.450s] Level 1:colcon.colcon_core.package_discovery:discover_packages(recursive) discover
[14.450s] INFO:colcon.colcon_core.package_discovery:Crawling recursively for packages in '/home/maxcap/Workspaces/orion_ws'
[14.479s] Level 1:colcon.colcon_core.package_identification:_identify(/home/maxcap/Workspaces/orion_ws) by extensions ['ignore', 'ignore_ament_install']
[14.479s] Level 1:colcon.colcon_core.package_identification:_identify(/home/maxcap/Workspaces/orion_ws) by extension 'ignore'
[14.480s] Level 1:colcon.colcon_core.package_identification:_identify(/home/maxcap/Workspaces/orion_ws) by extension 'ignore_ament_install'
[14.494s] Level 1:colcon.colcon_core.package_identification:_identify(/home/maxcap/Workspaces/orion_ws) by extensions ['colcon_pkg']
[14.494s] Level 1:colcon.colcon_core.package_identification:_identify(/home/maxcap/Workspaces/orion_ws) by extension 'colcon_pkg'
[14.495s] Level 1:colcon.colcon_core.package_identification:_identify(/home/maxcap/Workspaces/orion_ws) by extensions ['colcon_meta']
[14.495s] Level 1:colcon.colcon_core.package_identification:_identify(/home/maxcap/Workspaces/orion_ws) by extension 'colcon_meta'
[14.495s] Level 1:colcon.colcon_core.package_identification:_identify(/home/maxcap/Workspaces/orion_ws) by extensions ['ros']
[14.495s] Level 1:colcon.colcon_core.package_identification:_identify(/home/maxcap/Workspaces/orion_ws) by extension 'ros'
[15.257s] Level 1:colcon.colcon_core.package_identification:_identify(/home/maxcap/Workspaces/orion_ws) by extensions ['cmake', 'python']
[15.257s] Level 1:colcon.colcon_core.package_identification:_identify(/home/maxcap/Workspaces/orion_ws) by extension 'cmake'
[15.258s] Level 1:colcon.colcon_core.package_identification:_identify(/home/maxcap/Workspaces/orion_ws) by extension 'python'
[15.258s] Level 1:colcon.colcon_core.package_identification:_identify(/home/maxcap/Workspaces/orion_ws) by extensions ['python_setup_py']
[15.258s] Level 1:colcon.colcon_core.package_identification:_identify(/home/maxcap/Workspaces/orion_ws) by extension 'python_setup_py'
[15.259s] Level 1:colcon.colcon_core.package_identification:_identify(/home/maxcap/Workspaces/orion_ws/log) by extensions ['ignore', 'ignore_ament_install']
[15.260s] Level 1:colcon.colcon_core.package_identification:_identify(/home/maxcap/Workspaces/orion_ws/log) by extension 'ignore'
[15.260s] Level 1:colcon.colcon_core.package_identification:_identify(/home/maxcap/Workspaces/orion_ws/log) ignored
[15.261s] Level 1:colcon.colcon_core.package_identification:_identify(/home/maxcap/Workspaces/orion_ws/src) by extensions ['ignore', 'ignore_ament_install']
[15.261s] Level 1:colcon.colcon_core.package_identification:_identify(/home/maxcap/Workspaces/orion_ws/src) by extension 'ignore'
[15.262s] Level 1:colcon.colcon_core.package_identification:_identify(/home/maxcap/Workspaces/orion_ws/src) by extension 'ignore_ament_install'
[15.290s] Level 1:colcon.colcon_core.package_identification:_identify(/home/maxcap/Workspaces/orion_ws/src) by extensions ['colcon_pkg']
[15.290s] Level 1:colcon.colcon_core.package_identification:_identify(/home/maxcap/Workspaces/orion_ws/src) by extension 'colcon_pkg'
[15.290s] Level 1:colcon.colcon_core.package_identification:_identify(/home/maxcap/Workspaces/orion_ws/src) by extensions ['colcon_meta']
[15.290s] Level 1:colcon.colcon_core.package_identification:_identify(/home/maxcap/Workspaces/orion_ws/src) by extension 'colcon_meta'
[15.291s] Level 1:colcon.colcon_core.package_identification:_identify(/home/maxcap/Workspaces/orion_ws/src) by extensions ['ros']
[15.291s] Level 1:colcon.colcon_core.package_identification:_identify(/home/maxcap/Workspaces/orion_ws/src) by extension 'ros'
[15.291s] Level 1:colcon.colcon_core.package_identification:_identify(/home/maxcap/Workspaces/orion_ws/src) by extensions ['cmake', 'python']
[15.291s] Level 1:colcon.colcon_core.package_identification:_identify(/home/maxcap/Workspaces/orion_ws/src) by extension 'cmake'
[15.291s] Level 1:colcon.colcon_core.package_identification:_identify(/home/maxcap/Workspaces/orion_ws/src) by extension 'python'
[15.291s] Level 1:colcon.colcon_core.package_identification:_identify(/home/maxcap/Workspaces/orion_ws/src) by extensions ['python_setup_py']
[15.291s] Level 1:colcon.colcon_core.package_identification:_identify(/home/maxcap/Workspaces/orion_ws/src) by extension 'python_setup_py'
[15.292s] Level 1:colcon.colcon_core.package_identification:_identify(/home/maxcap/Workspaces/orion_ws/src/orion_pkg) by extensions ['ignore', 'ignore_ament_install']
[15.292s] Level 1:colcon.colcon_core.package_identification:_identify(/home/maxcap/Workspaces/orion_ws/src/orion_pkg) by extension 'ignore'
[15.292s] Level 1:colcon.colcon_core.package_identification:_identify(/home/maxcap/Workspaces/orion_ws/src/orion_pkg) by extension 'ignore_ament_install'
[15.292s] Level 1:colcon.colcon_core.package_identification:_identify(/home/maxcap/Workspaces/orion_ws/src/orion_pkg) by extensions ['colcon_pkg']
[15.292s] Level 1:colcon.colcon_core.package_identification:_identify(/home/maxcap/Workspaces/orion_ws/src/orion_pkg) by extension 'colcon_pkg'
[15.293s] Level 1:colcon.colcon_core.package_identification:_identify(/home/maxcap/Workspaces/orion_ws/src/orion_pkg) by extensions ['colcon_meta']
[15.293s] Level 1:colcon.colcon_core.package_identification:_identify(/home/maxcap/Workspaces/orion_ws/src/orion_pkg) by extension 'colcon_meta'
[15.293s] Level 1:colcon.colcon_core.package_identification:_identify(/home/maxcap/Workspaces/orion_ws/src/orion_pkg) by extensions ['ros']
[15.293s] Level 1:colcon.colcon_core.package_identification:_identify(/home/maxcap/Workspaces/orion_ws/src/orion_pkg) by extension 'ros'
[15.364s] DEBUG:colcon.colcon_core.package_identification:Package '/home/maxcap/Workspaces/orion_ws/src/orion_pkg' with type 'ros.ament_cmake' and name 'orion_pkg'
[15.364s] Level 1:colcon.colcon_core.package_discovery:discover_packages(recursive) using defaults
