[0.302s] DEBUG:colcon:Command line arguments: ['/usr/bin/colcon', 'build']
[0.302s] DEBUG:colcon:Parsed command line arguments: Namespace(log_base=None, log_level=None, verb_name='build', build_base='build', install_base='install', merge_install=False, symlink_install=False, test_result_base=None, continue_on_error=False, executor='parallel', parallel_workers=2, event_handlers=None, ignore_user_meta=False, metas=['./colcon.meta'], base_paths=['.'], packages_ignore=None, packages_ignore_regex=None, paths=None, packages_up_to=None, packages_up_to_regex=None, packages_above=None, packages_above_and_dependencies=None, packages_above_depth=None, packages_select_by_dep=None, packages_skip_by_dep=None, packages_skip_up_to=None, packages_select_build_failed=False, packages_skip_build_finished=False, packages_select_test_failures=False, packages_skip_test_passed=False, packages_select=None, packages_skip=None, packages_select_regex=None, packages_skip_regex=None, packages_start=None, packages_end=None, allow_overriding=[], cmake_args=None, cmake_target=None, cmake_target_skip_unavailable=False, cmake_clean_cache=False, cmake_clean_first=False, cmake_force_configure=False, ament_cmake_args=None, catkin_cmake_args=None, catkin_skip_building_tests=False, verb_parser=<colcon_defaults.argument_parser.defaults.DefaultArgumentsDecorator object at 0x7f3359bc58d0>, verb_extension=<colcon_core.verb.build.BuildVerb object at 0x7f335a3d7ee0>, main=<bound method BuildVerb.main of <colcon_core.verb.build.BuildVerb object at 0x7f335a3d7ee0>>)
[0.332s] Level 1:colcon.colcon_core.package_discovery:discover_packages(colcon_meta) check parameters
[0.332s] Level 1:colcon.colcon_core.package_discovery:discover_packages(recursive) check parameters
[0.332s] Level 1:colcon.colcon_core.package_discovery:discover_packages(ignore) check parameters
[0.333s] Level 1:colcon.colcon_core.package_discovery:discover_packages(path) check parameters
[0.333s] Level 1:colcon.colcon_core.package_discovery:discover_packages(colcon_meta) discover
[0.333s] Level 1:colcon.colcon_core.package_discovery:discover_packages(recursive) discover
[0.333s] INFO:colcon.colcon_core.package_discovery:Crawling recursively for packages in '/home/maxcap/Workspaces/orion_ws'
[0.333s] Level 1:colcon.colcon_core.package_identification:_identify(.) by extensions ['ignore', 'ignore_ament_install']
[0.333s] Level 1:colcon.colcon_core.package_identification:_identify(.) by extension 'ignore'
[0.333s] Level 1:colcon.colcon_core.package_identification:_identify(.) by extension 'ignore_ament_install'
[0.334s] Level 1:colcon.colcon_core.package_identification:_identify(.) by extensions ['colcon_pkg']
[0.334s] Level 1:colcon.colcon_core.package_identification:_identify(.) by extension 'colcon_pkg'
[0.334s] Level 1:colcon.colcon_core.package_identification:_identify(.) by extensions ['colcon_meta']
[0.334s] Level 1:colcon.colcon_core.package_identification:_identify(.) by extension 'colcon_meta'
[0.334s] Level 1:colcon.colcon_core.package_identification:_identify(.) by extensions ['ros']
[0.334s] Level 1:colcon.colcon_core.package_identification:_identify(.) by extension 'ros'
[0.345s] Level 1:colcon.colcon_core.package_identification:_identify(.) by extensions ['cmake', 'python']
[0.345s] Level 1:colcon.colcon_core.package_identification:_identify(.) by extension 'cmake'
[0.345s] Level 1:colcon.colcon_core.package_identification:_identify(.) by extension 'python'
[0.345s] Level 1:colcon.colcon_core.package_identification:_identify(.) by extensions ['python_setup_py']
[0.345s] Level 1:colcon.colcon_core.package_identification:_identify(.) by extension 'python_setup_py'
[0.345s] Level 1:colcon.colcon_core.package_identification:_identify(build) by extensions ['ignore', 'ignore_ament_install']
[0.345s] Level 1:colcon.colcon_core.package_identification:_identify(build) by extension 'ignore'
[0.345s] Level 1:colcon.colcon_core.package_identification:_identify(build) ignored
[0.346s] Level 1:colcon.colcon_core.package_identification:_identify(install) by extensions ['ignore', 'ignore_ament_install']
[0.346s] Level 1:colcon.colcon_core.package_identification:_identify(install) by extension 'ignore'
[0.346s] Level 1:colcon.colcon_core.package_identification:_identify(install) ignored
[0.346s] Level 1:colcon.colcon_core.package_identification:_identify(log) by extensions ['ignore', 'ignore_ament_install']
[0.346s] Level 1:colcon.colcon_core.package_identification:_identify(log) by extension 'ignore'
[0.346s] Level 1:colcon.colcon_core.package_identification:_identify(log) ignored
[0.346s] Level 1:colcon.colcon_core.package_identification:_identify(src) by extensions ['ignore', 'ignore_ament_install']
[0.346s] Level 1:colcon.colcon_core.package_identification:_identify(src) by extension 'ignore'
[0.346s] Level 1:colcon.colcon_core.package_identification:_identify(src) by extension 'ignore_ament_install'
[0.346s] Level 1:colcon.colcon_core.package_identification:_identify(src) by extensions ['colcon_pkg']
[0.346s] Level 1:colcon.colcon_core.package_identification:_identify(src) by extension 'colcon_pkg'
[0.346s] Level 1:colcon.colcon_core.package_identification:_identify(src) by extensions ['colcon_meta']
[0.346s] Level 1:colcon.colcon_core.package_identification:_identify(src) by extension 'colcon_meta'
[0.347s] Level 1:colcon.colcon_core.package_identification:_identify(src) by extensions ['ros']
[0.347s] Level 1:colcon.colcon_core.package_identification:_identify(src) by extension 'ros'
[0.347s] Level 1:colcon.colcon_core.package_identification:_identify(src) by extensions ['cmake', 'python']
[0.347s] Level 1:colcon.colcon_core.package_identification:_identify(src) by extension 'cmake'
[0.347s] Level 1:colcon.colcon_core.package_identification:_identify(src) by extension 'python'
[0.347s] Level 1:colcon.colcon_core.package_identification:_identify(src) by extensions ['python_setup_py']
[0.347s] Level 1:colcon.colcon_core.package_identification:_identify(src) by extension 'python_setup_py'
[0.347s] Level 1:colcon.colcon_core.package_identification:_identify(src/cpp_launch_example) by extensions ['ignore', 'ignore_ament_install']
[0.347s] Level 1:colcon.colcon_core.package_identification:_identify(src/cpp_launch_example) by extension 'ignore'
[0.347s] Level 1:colcon.colcon_core.package_identification:_identify(src/cpp_launch_example) by extension 'ignore_ament_install'
[0.347s] Level 1:colcon.colcon_core.package_identification:_identify(src/cpp_launch_example) by extensions ['colcon_pkg']
[0.347s] Level 1:colcon.colcon_core.package_identification:_identify(src/cpp_launch_example) by extension 'colcon_pkg'
[0.347s] Level 1:colcon.colcon_core.package_identification:_identify(src/cpp_launch_example) by extensions ['colcon_meta']
[0.347s] Level 1:colcon.colcon_core.package_identification:_identify(src/cpp_launch_example) by extension 'colcon_meta'
[0.347s] Level 1:colcon.colcon_core.package_identification:_identify(src/cpp_launch_example) by extensions ['ros']
[0.347s] Level 1:colcon.colcon_core.package_identification:_identify(src/cpp_launch_example) by extension 'ros'
[0.349s] DEBUG:colcon.colcon_core.package_identification:Package 'src/cpp_launch_example' with type 'ros.ament_cmake' and name 'cpp_launch_example'
[0.350s] Level 1:colcon.colcon_core.package_identification:_identify(src/orion_pkg) by extensions ['ignore', 'ignore_ament_install']
[0.350s] Level 1:colcon.colcon_core.package_identification:_identify(src/orion_pkg) by extension 'ignore'
[0.350s] Level 1:colcon.colcon_core.package_identification:_identify(src/orion_pkg) by extension 'ignore_ament_install'
[0.350s] Level 1:colcon.colcon_core.package_identification:_identify(src/orion_pkg) by extensions ['colcon_pkg']
[0.350s] Level 1:colcon.colcon_core.package_identification:_identify(src/orion_pkg) by extension 'colcon_pkg'
[0.350s] Level 1:colcon.colcon_core.package_identification:_identify(src/orion_pkg) by extensions ['colcon_meta']
[0.350s] Level 1:colcon.colcon_core.package_identification:_identify(src/orion_pkg) by extension 'colcon_meta'
[0.350s] Level 1:colcon.colcon_core.package_identification:_identify(src/orion_pkg) by extensions ['ros']
[0.350s] Level 1:colcon.colcon_core.package_identification:_identify(src/orion_pkg) by extension 'ros'
[0.351s] DEBUG:colcon.colcon_core.package_identification:Package 'src/orion_pkg' with type 'ros.ament_cmake' and name 'orion_pkg'
[0.351s] Level 1:colcon.colcon_core.package_discovery:discover_packages(recursive) using defaults
[0.351s] Level 1:colcon.colcon_core.package_discovery:discover_packages(ignore) discover
[0.351s] Level 1:colcon.colcon_core.package_discovery:discover_packages(ignore) using defaults
[0.351s] Level 1:colcon.colcon_core.package_discovery:discover_packages(path) discover
[0.351s] Level 1:colcon.colcon_core.package_discovery:discover_packages(path) using defaults
[0.372s] Level 1:colcon.colcon_core.package_discovery:discover_packages(prefix_path) check parameters
[0.372s] Level 1:colcon.colcon_core.package_discovery:discover_packages(prefix_path) discover
[0.375s] DEBUG:colcon.colcon_installed_package_information.package_discovery:Found 2 installed packages in /home/maxcap/Workspaces/orion_ws/install
[0.376s] DEBUG:colcon.colcon_installed_package_information.package_discovery:Found 287 installed packages in /opt/ros/humble
[0.379s] Level 1:colcon.colcon_core.package_discovery:discover_packages(prefix_path) using defaults
[0.439s] Level 5:colcon.colcon_core.verb:set package 'cpp_launch_example' build argument 'cmake_args' from command line to 'None'
[0.439s] Level 5:colcon.colcon_core.verb:set package 'cpp_launch_example' build argument 'cmake_target' from command line to 'None'
[0.439s] Level 5:colcon.colcon_core.verb:set package 'cpp_launch_example' build argument 'cmake_target_skip_unavailable' from command line to 'False'
[0.439s] Level 5:colcon.colcon_core.verb:set package 'cpp_launch_example' build argument 'cmake_clean_cache' from command line to 'False'
[0.439s] Level 5:colcon.colcon_core.verb:set package 'cpp_launch_example' build argument 'cmake_clean_first' from command line to 'False'
[0.439s] Level 5:colcon.colcon_core.verb:set package 'cpp_launch_example' build argument 'cmake_force_configure' from command line to 'False'
[0.439s] Level 5:colcon.colcon_core.verb:set package 'cpp_launch_example' build argument 'ament_cmake_args' from command line to 'None'
[0.439s] Level 5:colcon.colcon_core.verb:set package 'cpp_launch_example' build argument 'catkin_cmake_args' from command line to 'None'
[0.439s] Level 5:colcon.colcon_core.verb:set package 'cpp_launch_example' build argument 'catkin_skip_building_tests' from command line to 'False'
[0.439s] DEBUG:colcon.colcon_core.verb:Building package 'cpp_launch_example' with the following arguments: {'ament_cmake_args': None, 'build_base': '/home/maxcap/Workspaces/orion_ws/build/cpp_launch_example', 'catkin_cmake_args': None, 'catkin_skip_building_tests': False, 'cmake_args': None, 'cmake_clean_cache': False, 'cmake_clean_first': False, 'cmake_force_configure': False, 'cmake_target': None, 'cmake_target_skip_unavailable': False, 'install_base': '/home/maxcap/Workspaces/orion_ws/install/cpp_launch_example', 'merge_install': False, 'path': '/home/maxcap/Workspaces/orion_ws/src/cpp_launch_example', 'symlink_install': False, 'test_result_base': None}
[0.440s] Level 5:colcon.colcon_core.verb:set package 'orion_pkg' build argument 'cmake_args' from command line to 'None'
[0.440s] Level 5:colcon.colcon_core.verb:set package 'orion_pkg' build argument 'cmake_target' from command line to 'None'
[0.440s] Level 5:colcon.colcon_core.verb:set package 'orion_pkg' build argument 'cmake_target_skip_unavailable' from command line to 'False'
[0.441s] Level 5:colcon.colcon_core.verb:set package 'orion_pkg' build argument 'cmake_clean_cache' from command line to 'False'
[0.441s] Level 5:colcon.colcon_core.verb:set package 'orion_pkg' build argument 'cmake_clean_first' from command line to 'False'
[0.441s] Level 5:colcon.colcon_core.verb:set package 'orion_pkg' build argument 'cmake_force_configure' from command line to 'False'
[0.441s] Level 5:colcon.colcon_core.verb:set package 'orion_pkg' build argument 'ament_cmake_args' from command line to 'None'
[0.441s] Level 5:colcon.colcon_core.verb:set package 'orion_pkg' build argument 'catkin_cmake_args' from command line to 'None'
[0.441s] Level 5:colcon.colcon_core.verb:set package 'orion_pkg' build argument 'catkin_skip_building_tests' from command line to 'False'
[0.441s] DEBUG:colcon.colcon_core.verb:Building package 'orion_pkg' with the following arguments: {'ament_cmake_args': None, 'build_base': '/home/maxcap/Workspaces/orion_ws/build/orion_pkg', 'catkin_cmake_args': None, 'catkin_skip_building_tests': False, 'cmake_args': None, 'cmake_clean_cache': False, 'cmake_clean_first': False, 'cmake_force_configure': False, 'cmake_target': None, 'cmake_target_skip_unavailable': False, 'install_base': '/home/maxcap/Workspaces/orion_ws/install/orion_pkg', 'merge_install': False, 'path': '/home/maxcap/Workspaces/orion_ws/src/orion_pkg', 'symlink_install': False, 'test_result_base': None}
[0.441s] INFO:colcon.colcon_core.executor:Executing jobs using 'parallel' executor
[0.445s] DEBUG:colcon.colcon_parallel_executor.executor.parallel:run_until_complete
[0.445s] INFO:colcon.colcon_ros.task.ament_cmake.build:Building ROS package in '/home/maxcap/Workspaces/orion_ws/src/cpp_launch_example' with build type 'ament_cmake'
[0.445s] INFO:colcon.colcon_cmake.task.cmake.build:Building CMake package in '/home/maxcap/Workspaces/orion_ws/src/cpp_launch_example'
[0.450s] INFO:colcon.colcon_core.plugin_system:Skipping extension 'colcon_core.shell.bat': Not used on non-Windows systems
[0.450s] INFO:colcon.colcon_core.shell:Skip shell extension 'powershell' for command environment: Not usable outside of PowerShell
[0.450s] DEBUG:colcon.colcon_core.shell:Skip shell extension 'dsv' for command environment
[0.457s] INFO:colcon.colcon_ros.task.ament_cmake.build:Building ROS package in '/home/maxcap/Workspaces/orion_ws/src/orion_pkg' with build type 'ament_cmake'
[0.458s] INFO:colcon.colcon_cmake.task.cmake.build:Building CMake package in '/home/maxcap/Workspaces/orion_ws/src/orion_pkg'
[0.460s] INFO:colcon.colcon_core.shell:Skip shell extension 'powershell' for command environment: Not usable outside of PowerShell
[0.460s] DEBUG:colcon.colcon_core.shell:Skip shell extension 'dsv' for command environment
[0.483s] DEBUG:colcon.colcon_core.event_handler.log_command:Invoking command in '/home/maxcap/Workspaces/orion_ws/build/cpp_launch_example': CMAKE_PREFIX_PATH=${CMAKE_PREFIX_PATH}:/opt/ros/humble /usr/bin/cmake --build /home/maxcap/Workspaces/orion_ws/build/cpp_launch_example -- -j2 -l2
[0.508s] DEBUG:colcon.colcon_core.event_handler.log_command:Invoking command in '/home/maxcap/Workspaces/orion_ws/build/orion_pkg': CMAKE_PREFIX_PATH=${CMAKE_PREFIX_PATH}:/opt/ros/humble /usr/bin/cmake --build /home/maxcap/Workspaces/orion_ws/build/orion_pkg -- -j2 -l2
[0.540s] DEBUG:colcon.colcon_core.event_handler.log_command:Invoked command in '/home/maxcap/Workspaces/orion_ws/build/cpp_launch_example' returned '0': CMAKE_PREFIX_PATH=${CMAKE_PREFIX_PATH}:/opt/ros/humble /usr/bin/cmake --build /home/maxcap/Workspaces/orion_ws/build/cpp_launch_example -- -j2 -l2
[0.599s] DEBUG:colcon.colcon_core.event_handler.log_command:Invoking command in '/home/maxcap/Workspaces/orion_ws/build/cpp_launch_example': CMAKE_PREFIX_PATH=${CMAKE_PREFIX_PATH}:/opt/ros/humble /usr/bin/cmake --install /home/maxcap/Workspaces/orion_ws/build/cpp_launch_example
[0.618s] Level 1:colcon.colcon_core.environment:create_environment_scripts_only(cpp_launch_example)
[0.619s] DEBUG:colcon.colcon_core.event_handler.log_command:Invoked command in '/home/maxcap/Workspaces/orion_ws/build/cpp_launch_example' returned '0': CMAKE_PREFIX_PATH=${CMAKE_PREFIX_PATH}:/opt/ros/humble /usr/bin/cmake --install /home/maxcap/Workspaces/orion_ws/build/cpp_launch_example
[0.623s] Level 1:colcon.colcon_core.environment:checking '/home/maxcap/Workspaces/orion_ws/install/cpp_launch_example' for CMake module files
[0.624s] Level 1:colcon.colcon_core.environment:checking '/home/maxcap/Workspaces/orion_ws/install/cpp_launch_example' for CMake config files
[0.624s] Level 1:colcon.colcon_core.shell:create_environment_hook('cpp_launch_example', 'cmake_prefix_path')
[0.626s] INFO:colcon.colcon_core.shell:Creating environment hook '/home/maxcap/Workspaces/orion_ws/install/cpp_launch_example/share/cpp_launch_example/hook/cmake_prefix_path.ps1'
[0.627s] INFO:colcon.colcon_core.shell:Creating environment descriptor '/home/maxcap/Workspaces/orion_ws/install/cpp_launch_example/share/cpp_launch_example/hook/cmake_prefix_path.dsv'
[0.627s] INFO:colcon.colcon_core.shell:Creating environment hook '/home/maxcap/Workspaces/orion_ws/install/cpp_launch_example/share/cpp_launch_example/hook/cmake_prefix_path.sh'
[0.629s] Level 1:colcon.colcon_core.environment:checking '/home/maxcap/Workspaces/orion_ws/install/cpp_launch_example/bin'
[0.629s] Level 1:colcon.colcon_core.environment:checking '/home/maxcap/Workspaces/orion_ws/install/cpp_launch_example/lib/pkgconfig/cpp_launch_example.pc'
[0.629s] Level 1:colcon.colcon_core.environment:checking '/home/maxcap/Workspaces/orion_ws/install/cpp_launch_example/lib/python3.10/site-packages'
[0.630s] Level 1:colcon.colcon_core.environment:checking '/home/maxcap/Workspaces/orion_ws/install/cpp_launch_example/bin'
[0.631s] INFO:colcon.colcon_core.shell:Creating package script '/home/maxcap/Workspaces/orion_ws/install/cpp_launch_example/share/cpp_launch_example/package.ps1'
[0.632s] INFO:colcon.colcon_core.shell:Creating package descriptor '/home/maxcap/Workspaces/orion_ws/install/cpp_launch_example/share/cpp_launch_example/package.dsv'
[0.634s] INFO:colcon.colcon_core.shell:Creating package script '/home/maxcap/Workspaces/orion_ws/install/cpp_launch_example/share/cpp_launch_example/package.sh'
[0.636s] INFO:colcon.colcon_core.shell:Creating package script '/home/maxcap/Workspaces/orion_ws/install/cpp_launch_example/share/cpp_launch_example/package.bash'
[0.637s] INFO:colcon.colcon_core.shell:Creating package script '/home/maxcap/Workspaces/orion_ws/install/cpp_launch_example/share/cpp_launch_example/package.zsh'
[0.638s] Level 1:colcon.colcon_core.environment:create_file_with_runtime_dependencies(/home/maxcap/Workspaces/orion_ws/install/cpp_launch_example/share/colcon-core/packages/cpp_launch_example)
[0.663s] Level 1:colcon.colcon_core.environment:create_environment_scripts_only(cpp_launch_example)
[0.664s] Level 1:colcon.colcon_core.environment:checking '/home/maxcap/Workspaces/orion_ws/install/cpp_launch_example' for CMake module files
[0.665s] Level 1:colcon.colcon_core.environment:checking '/home/maxcap/Workspaces/orion_ws/install/cpp_launch_example' for CMake config files
[0.665s] Level 1:colcon.colcon_core.shell:create_environment_hook('cpp_launch_example', 'cmake_prefix_path')
[0.667s] INFO:colcon.colcon_core.shell:Creating environment hook '/home/maxcap/Workspaces/orion_ws/install/cpp_launch_example/share/cpp_launch_example/hook/cmake_prefix_path.ps1'
[0.667s] INFO:colcon.colcon_core.shell:Creating environment descriptor '/home/maxcap/Workspaces/orion_ws/install/cpp_launch_example/share/cpp_launch_example/hook/cmake_prefix_path.dsv'
[0.668s] INFO:colcon.colcon_core.shell:Creating environment hook '/home/maxcap/Workspaces/orion_ws/install/cpp_launch_example/share/cpp_launch_example/hook/cmake_prefix_path.sh'
[0.669s] Level 1:colcon.colcon_core.environment:checking '/home/maxcap/Workspaces/orion_ws/install/cpp_launch_example/bin'
[0.669s] Level 1:colcon.colcon_core.environment:checking '/home/maxcap/Workspaces/orion_ws/install/cpp_launch_example/lib/pkgconfig/cpp_launch_example.pc'
[0.670s] Level 1:colcon.colcon_core.environment:checking '/home/maxcap/Workspaces/orion_ws/install/cpp_launch_example/lib/python3.10/site-packages'
[0.670s] Level 1:colcon.colcon_core.environment:checking '/home/maxcap/Workspaces/orion_ws/install/cpp_launch_example/bin'
[0.675s] INFO:colcon.colcon_core.shell:Creating package script '/home/maxcap/Workspaces/orion_ws/install/cpp_launch_example/share/cpp_launch_example/package.ps1'
[0.676s] INFO:colcon.colcon_core.shell:Creating package descriptor '/home/maxcap/Workspaces/orion_ws/install/cpp_launch_example/share/cpp_launch_example/package.dsv'
[0.677s] INFO:colcon.colcon_core.shell:Creating package script '/home/maxcap/Workspaces/orion_ws/install/cpp_launch_example/share/cpp_launch_example/package.sh'
[0.678s] INFO:colcon.colcon_core.shell:Creating package script '/home/maxcap/Workspaces/orion_ws/install/cpp_launch_example/share/cpp_launch_example/package.bash'
[0.678s] INFO:colcon.colcon_core.shell:Creating package script '/home/maxcap/Workspaces/orion_ws/install/cpp_launch_example/share/cpp_launch_example/package.zsh'
[0.679s] Level 1:colcon.colcon_core.environment:create_file_with_runtime_dependencies(/home/maxcap/Workspaces/orion_ws/install/cpp_launch_example/share/colcon-core/packages/cpp_launch_example)
[0.930s] DEBUG:colcon.colcon_core.event_handler.log_command:Invoked command in '/home/maxcap/Workspaces/orion_ws/build/orion_pkg' returned '0': CMAKE_PREFIX_PATH=${CMAKE_PREFIX_PATH}:/opt/ros/humble /usr/bin/cmake --build /home/maxcap/Workspaces/orion_ws/build/orion_pkg -- -j2 -l2
[0.958s] DEBUG:colcon.colcon_core.event_handler.log_command:Invoking command in '/home/maxcap/Workspaces/orion_ws/build/orion_pkg': CMAKE_PREFIX_PATH=${CMAKE_PREFIX_PATH}:/opt/ros/humble /usr/bin/cmake --install /home/maxcap/Workspaces/orion_ws/build/orion_pkg
[1.018s] Level 1:colcon.colcon_core.environment:create_environment_scripts_only(orion_pkg)
[1.020s] Level 1:colcon.colcon_core.environment:checking '/home/maxcap/Workspaces/orion_ws/install/orion_pkg' for CMake module files
[1.020s] Level 1:colcon.colcon_core.environment:checking '/home/maxcap/Workspaces/orion_ws/install/orion_pkg' for CMake config files
[1.020s] Level 1:colcon.colcon_core.shell:create_environment_hook('orion_pkg', 'cmake_prefix_path')
[1.022s] INFO:colcon.colcon_core.shell:Creating environment hook '/home/maxcap/Workspaces/orion_ws/install/orion_pkg/share/orion_pkg/hook/cmake_prefix_path.ps1'
[1.022s] INFO:colcon.colcon_core.shell:Creating environment descriptor '/home/maxcap/Workspaces/orion_ws/install/orion_pkg/share/orion_pkg/hook/cmake_prefix_path.dsv'
[1.022s] DEBUG:colcon.colcon_core.event_handler.log_command:Invoked command in '/home/maxcap/Workspaces/orion_ws/build/orion_pkg' returned '0': CMAKE_PREFIX_PATH=${CMAKE_PREFIX_PATH}:/opt/ros/humble /usr/bin/cmake --install /home/maxcap/Workspaces/orion_ws/build/orion_pkg
[1.023s] INFO:colcon.colcon_core.shell:Creating environment hook '/home/maxcap/Workspaces/orion_ws/install/orion_pkg/share/orion_pkg/hook/cmake_prefix_path.sh'
[1.024s] Level 1:colcon.colcon_core.environment:checking '/home/maxcap/Workspaces/orion_ws/install/orion_pkg/lib'
[1.024s] Level 1:colcon.colcon_core.environment:checking '/home/maxcap/Workspaces/orion_ws/install/orion_pkg/bin'
[1.024s] Level 1:colcon.colcon_core.environment:checking '/home/maxcap/Workspaces/orion_ws/install/orion_pkg/lib/pkgconfig/orion_pkg.pc'
[1.024s] Level 1:colcon.colcon_core.environment:checking '/home/maxcap/Workspaces/orion_ws/install/orion_pkg/lib/python3.10/site-packages'
[1.025s] Level 1:colcon.colcon_core.environment:checking '/home/maxcap/Workspaces/orion_ws/install/orion_pkg/bin'
[1.026s] INFO:colcon.colcon_core.shell:Creating package script '/home/maxcap/Workspaces/orion_ws/install/orion_pkg/share/orion_pkg/package.ps1'
[1.026s] INFO:colcon.colcon_core.shell:Creating package descriptor '/home/maxcap/Workspaces/orion_ws/install/orion_pkg/share/orion_pkg/package.dsv'
[1.027s] INFO:colcon.colcon_core.shell:Creating package script '/home/maxcap/Workspaces/orion_ws/install/orion_pkg/share/orion_pkg/package.sh'
[1.027s] INFO:colcon.colcon_core.shell:Creating package script '/home/maxcap/Workspaces/orion_ws/install/orion_pkg/share/orion_pkg/package.bash'
[1.028s] INFO:colcon.colcon_core.shell:Creating package script '/home/maxcap/Workspaces/orion_ws/install/orion_pkg/share/orion_pkg/package.zsh'
[1.028s] Level 1:colcon.colcon_core.environment:create_file_with_runtime_dependencies(/home/maxcap/Workspaces/orion_ws/install/orion_pkg/share/colcon-core/packages/orion_pkg)
[1.054s] Level 1:colcon.colcon_core.environment:create_environment_scripts_only(orion_pkg)
[1.055s] Level 1:colcon.colcon_core.environment:checking '/home/maxcap/Workspaces/orion_ws/install/orion_pkg' for CMake module files
[1.056s] Level 1:colcon.colcon_core.environment:checking '/home/maxcap/Workspaces/orion_ws/install/orion_pkg' for CMake config files
[1.056s] Level 1:colcon.colcon_core.shell:create_environment_hook('orion_pkg', 'cmake_prefix_path')
[1.058s] INFO:colcon.colcon_core.shell:Creating environment hook '/home/maxcap/Workspaces/orion_ws/install/orion_pkg/share/orion_pkg/hook/cmake_prefix_path.ps1'
[1.058s] INFO:colcon.colcon_core.shell:Creating environment descriptor '/home/maxcap/Workspaces/orion_ws/install/orion_pkg/share/orion_pkg/hook/cmake_prefix_path.dsv'
[1.059s] INFO:colcon.colcon_core.shell:Creating environment hook '/home/maxcap/Workspaces/orion_ws/install/orion_pkg/share/orion_pkg/hook/cmake_prefix_path.sh'
[1.059s] Level 1:colcon.colcon_core.environment:checking '/home/maxcap/Workspaces/orion_ws/install/orion_pkg/lib'
[1.060s] Level 1:colcon.colcon_core.environment:checking '/home/maxcap/Workspaces/orion_ws/install/orion_pkg/bin'
[1.060s] Level 1:colcon.colcon_core.environment:checking '/home/maxcap/Workspaces/orion_ws/install/orion_pkg/lib/pkgconfig/orion_pkg.pc'
[1.060s] Level 1:colcon.colcon_core.environment:checking '/home/maxcap/Workspaces/orion_ws/install/orion_pkg/lib/python3.10/site-packages'
[1.060s] Level 1:colcon.colcon_core.environment:checking '/home/maxcap/Workspaces/orion_ws/install/orion_pkg/bin'
[1.061s] INFO:colcon.colcon_core.shell:Creating package script '/home/maxcap/Workspaces/orion_ws/install/orion_pkg/share/orion_pkg/package.ps1'
[1.062s] INFO:colcon.colcon_core.shell:Creating package descriptor '/home/maxcap/Workspaces/orion_ws/install/orion_pkg/share/orion_pkg/package.dsv'
[1.062s] INFO:colcon.colcon_core.shell:Creating package script '/home/maxcap/Workspaces/orion_ws/install/orion_pkg/share/orion_pkg/package.sh'
[1.063s] INFO:colcon.colcon_core.shell:Creating package script '/home/maxcap/Workspaces/orion_ws/install/orion_pkg/share/orion_pkg/package.bash'
[1.063s] INFO:colcon.colcon_core.shell:Creating package script '/home/maxcap/Workspaces/orion_ws/install/orion_pkg/share/orion_pkg/package.zsh'
[1.064s] Level 1:colcon.colcon_core.environment:create_file_with_runtime_dependencies(/home/maxcap/Workspaces/orion_ws/install/orion_pkg/share/colcon-core/packages/orion_pkg)
[1.064s] DEBUG:colcon.colcon_parallel_executor.executor.parallel:closing loop
[1.064s] DEBUG:colcon.colcon_parallel_executor.executor.parallel:loop closed
[1.064s] DEBUG:colcon.colcon_parallel_executor.executor.parallel:run_until_complete finished with '0'
[1.064s] DEBUG:colcon.colcon_core.event_reactor:joining thread
[1.071s] INFO:colcon.colcon_core.plugin_system:Skipping extension 'colcon_notification.desktop_notification.terminal_notifier': Not used on non-Darwin systems
[1.071s] INFO:colcon.colcon_core.plugin_system:Skipping extension 'colcon_notification.desktop_notification.win32': Not used on non-Windows systems
[1.071s] INFO:colcon.colcon_notification.desktop_notification:Sending desktop notification using 'notify2'
[1.083s] DEBUG:colcon.colcon_core.event_reactor:joined thread
[1.086s] INFO:colcon.colcon_core.shell:Creating prefix script '/home/maxcap/Workspaces/orion_ws/install/local_setup.ps1'
[1.087s] INFO:colcon.colcon_core.shell:Creating prefix util module '/home/maxcap/Workspaces/orion_ws/install/_local_setup_util_ps1.py'
[1.089s] INFO:colcon.colcon_core.shell:Creating prefix chain script '/home/maxcap/Workspaces/orion_ws/install/setup.ps1'
[1.091s] INFO:colcon.colcon_core.shell:Creating prefix script '/home/maxcap/Workspaces/orion_ws/install/local_setup.sh'
[1.091s] INFO:colcon.colcon_core.shell:Creating prefix util module '/home/maxcap/Workspaces/orion_ws/install/_local_setup_util_sh.py'
[1.092s] INFO:colcon.colcon_core.shell:Creating prefix chain script '/home/maxcap/Workspaces/orion_ws/install/setup.sh'
[1.095s] INFO:colcon.colcon_core.shell:Creating prefix script '/home/maxcap/Workspaces/orion_ws/install/local_setup.bash'
[1.096s] INFO:colcon.colcon_core.shell:Creating prefix chain script '/home/maxcap/Workspaces/orion_ws/install/setup.bash'
[1.103s] INFO:colcon.colcon_core.shell:Creating prefix script '/home/maxcap/Workspaces/orion_ws/install/local_setup.zsh'
[1.104s] INFO:colcon.colcon_core.shell:Creating prefix chain script '/home/maxcap/Workspaces/orion_ws/install/setup.zsh'
