[0.035s] Invoking command in '/home/maxcap/Workspaces/orion_ws/build/orion_pkg': CMAKE_PREFIX_PATH=${CMAKE_PREFIX_PATH}:/opt/ros/humble /usr/bin/cmake --build /home/maxcap/Workspaces/orion_ws/build/orion_pkg -- -j2 -l2
[0.104s] -- Found ament_cmake: 1.3.3 (/opt/ros/humble/share/ament_cmake/cmake)
[0.389s] -- Found rclpy: 3.3.7 (/opt/ros/humble/share/rclpy/cmake)
[0.475s] -- Found ament_lint_auto: 0.12.5 (/opt/ros/humble/share/ament_lint_auto/cmake)
[0.576s] -- Added test 'flake8' to check Python code syntax and style conventions
[0.577s] -- Added test 'lint_cmake' to check CMake code style
[0.577s] -- Added test 'pep257' to check Python code against some of the docstring style conventions in PEP 257
[0.579s] -- Added test 'xmllint' to check XML markup files
[0.581s] -- Configuring done
[0.593s] -- Generating done
[0.595s] -- Build files have been written to: /home/maxcap/Workspaces/orion_ws/build/orion_pkg
[0.642s] Built target ament_cmake_python_copy_scripts
[0.890s] running egg_info
[0.891s] writing scripts.egg-info/PKG-INFO
[0.892s] writing dependency_links to scripts.egg-info/dependency_links.txt
[0.893s] writing top-level names to scripts.egg-info/top_level.txt
[0.895s] reading manifest file 'scripts.egg-info/SOURCES.txt'
[0.896s] writing manifest file 'scripts.egg-info/SOURCES.txt'
[0.921s] Built target ament_cmake_python_build_scripts_egg
[0.938s] Invoked command in '/home/maxcap/Workspaces/orion_ws/build/orion_pkg' returned '0': CMAKE_PREFIX_PATH=${CMAKE_PREFIX_PATH}:/opt/ros/humble /usr/bin/cmake --build /home/maxcap/Workspaces/orion_ws/build/orion_pkg -- -j2 -l2
[0.961s] Invoking command in '/home/maxcap/Workspaces/orion_ws/build/orion_pkg': CMAKE_PREFIX_PATH=${CMAKE_PREFIX_PATH}:/opt/ros/humble /usr/bin/cmake --install /home/maxcap/Workspaces/orion_ws/build/orion_pkg
[0.973s] -- Install configuration: ""
[0.973s] -- Up-to-date: /home/maxcap/Workspaces/orion_ws/install/orion_pkg/share/orion_pkg/environment/pythonpath.sh
[0.973s] -- Installing: /home/maxcap/Workspaces/orion_ws/install/orion_pkg/share/orion_pkg/environment/pythonpath.dsv
[0.973s] -- Up-to-date: /home/maxcap/Workspaces/orion_ws/install/orion_pkg/local/lib/python3.10/dist-packages/scripts-0.0.0-py3.10.egg-info
[0.973s] -- Installing: /home/maxcap/Workspaces/orion_ws/install/orion_pkg/local/lib/python3.10/dist-packages/scripts-0.0.0-py3.10.egg-info/dependency_links.txt
[0.974s] -- Installing: /home/maxcap/Workspaces/orion_ws/install/orion_pkg/local/lib/python3.10/dist-packages/scripts-0.0.0-py3.10.egg-info/SOURCES.txt
[0.974s] -- Installing: /home/maxcap/Workspaces/orion_ws/install/orion_pkg/local/lib/python3.10/dist-packages/scripts-0.0.0-py3.10.egg-info/PKG-INFO
[0.974s] -- Installing: /home/maxcap/Workspaces/orion_ws/install/orion_pkg/local/lib/python3.10/dist-packages/scripts-0.0.0-py3.10.egg-info/top_level.txt
[0.974s] -- Up-to-date: /home/maxcap/Workspaces/orion_ws/install/orion_pkg/local/lib/python3.10/dist-packages/scripts
[0.974s] -- Up-to-date: /home/maxcap/Workspaces/orion_ws/install/orion_pkg/local/lib/python3.10/dist-packages/scripts/templates
[0.974s] -- Up-to-date: /home/maxcap/Workspaces/orion_ws/install/orion_pkg/local/lib/python3.10/dist-packages/scripts/templates/publisher.py
[0.974s] -- Up-to-date: /home/maxcap/Workspaces/orion_ws/install/orion_pkg/local/lib/python3.10/dist-packages/scripts/templates/subscriber.py
[0.974s] -- Installing: /home/maxcap/Workspaces/orion_ws/install/orion_pkg/local/lib/python3.10/dist-packages/scripts/Joystick_sub.py
[0.974s] -- Up-to-date: /home/maxcap/Workspaces/orion_ws/install/orion_pkg/local/lib/python3.10/dist-packages/scripts/__init__.py
[0.974s] -- Up-to-date: /home/maxcap/Workspaces/orion_ws/install/orion_pkg/local/lib/python3.10/dist-packages/scripts/joystick
[0.974s] -- Up-to-date: /home/maxcap/Workspaces/orion_ws/install/orion_pkg/local/lib/python3.10/dist-packages/scripts/joystick/joystick_commands.py
[0.974s] -- Up-to-date: /home/maxcap/Workspaces/orion_ws/install/orion_pkg/local/lib/python3.10/dist-packages/scripts/joystick/inputs.py
[1.004s] Listing '/home/maxcap/Workspaces/orion_ws/install/orion_pkg/local/lib/python3.10/dist-packages/scripts'...
[1.004s] Compiling '/home/maxcap/Workspaces/orion_ws/install/orion_pkg/local/lib/python3.10/dist-packages/scripts/Joystick_sub.py'...
[1.004s] Listing '/home/maxcap/Workspaces/orion_ws/install/orion_pkg/local/lib/python3.10/dist-packages/scripts/joystick'...
[1.004s] Listing '/home/maxcap/Workspaces/orion_ws/install/orion_pkg/local/lib/python3.10/dist-packages/scripts/templates'...
[1.012s] -- Up-to-date: /home/maxcap/Workspaces/orion_ws/install/orion_pkg/lib/orion_pkg/publisher.py
[1.013s] -- Up-to-date: /home/maxcap/Workspaces/orion_ws/install/orion_pkg/lib/orion_pkg/subscriber.py
[1.013s] -- Up-to-date: /home/maxcap/Workspaces/orion_ws/install/orion_pkg/lib/orion_pkg/joystick_commands.py
[1.013s] -- Up-to-date: /home/maxcap/Workspaces/orion_ws/install/orion_pkg/lib/orion_pkg/inputs.py
[1.013s] -- Installing: /home/maxcap/Workspaces/orion_ws/install/orion_pkg/lib/orion_pkg/Joystick_sub.py
[1.013s] -- Up-to-date: /home/maxcap/Workspaces/orion_ws/install/orion_pkg/share/orion_pkg//launch
[1.013s] -- Up-to-date: /home/maxcap/Workspaces/orion_ws/install/orion_pkg/share/orion_pkg//launch/other_launchers
[1.013s] -- Up-to-date: /home/maxcap/Workspaces/orion_ws/install/orion_pkg/share/orion_pkg//launch/other_launchers/pubsub_launch.xml
[1.013s] -- Up-to-date: /home/maxcap/Workspaces/orion_ws/install/orion_pkg/share/orion_pkg//launch/other_launchers/pubsub_launch.yaml
[1.013s] -- Installing: /home/maxcap/Workspaces/orion_ws/install/orion_pkg/share/orion_pkg//launch/pubsublaunch.py
[1.013s] -- Up-to-date: /home/maxcap/Workspaces/orion_ws/install/orion_pkg/share/ament_index/resource_index/package_run_dependencies/orion_pkg
[1.013s] -- Installing: /home/maxcap/Workspaces/orion_ws/install/orion_pkg/share/ament_index/resource_index/parent_prefix_path/orion_pkg
[1.013s] -- Up-to-date: /home/maxcap/Workspaces/orion_ws/install/orion_pkg/share/orion_pkg/environment/ament_prefix_path.sh
[1.013s] -- Installing: /home/maxcap/Workspaces/orion_ws/install/orion_pkg/share/orion_pkg/environment/ament_prefix_path.dsv
[1.013s] -- Up-to-date: /home/maxcap/Workspaces/orion_ws/install/orion_pkg/share/orion_pkg/environment/path.sh
[1.013s] -- Installing: /home/maxcap/Workspaces/orion_ws/install/orion_pkg/share/orion_pkg/environment/path.dsv
[1.013s] -- Up-to-date: /home/maxcap/Workspaces/orion_ws/install/orion_pkg/share/orion_pkg/local_setup.bash
[1.014s] -- Up-to-date: /home/maxcap/Workspaces/orion_ws/install/orion_pkg/share/orion_pkg/local_setup.sh
[1.014s] -- Up-to-date: /home/maxcap/Workspaces/orion_ws/install/orion_pkg/share/orion_pkg/local_setup.zsh
[1.014s] -- Installing: /home/maxcap/Workspaces/orion_ws/install/orion_pkg/share/orion_pkg/local_setup.dsv
[1.014s] -- Installing: /home/maxcap/Workspaces/orion_ws/install/orion_pkg/share/orion_pkg/package.dsv
[1.014s] -- Up-to-date: /home/maxcap/Workspaces/orion_ws/install/orion_pkg/share/ament_index/resource_index/packages/orion_pkg
[1.014s] -- Up-to-date: /home/maxcap/Workspaces/orion_ws/install/orion_pkg/share/orion_pkg/cmake/orion_pkgConfig.cmake
[1.014s] -- Up-to-date: /home/maxcap/Workspaces/orion_ws/install/orion_pkg/share/orion_pkg/cmake/orion_pkgConfig-version.cmake
[1.014s] -- Up-to-date: /home/maxcap/Workspaces/orion_ws/install/orion_pkg/share/orion_pkg/package.xml
[1.025s] Invoked command in '/home/maxcap/Workspaces/orion_ws/build/orion_pkg' returned '0': CMAKE_PREFIX_PATH=${CMAKE_PREFIX_PATH}:/opt/ros/humble /usr/bin/cmake --install /home/maxcap/Workspaces/orion_ws/build/orion_pkg
