[0.016s] Invoking command in '/Code/orion_ws/build/orion_pkg': /usr/bin/cmake --build /Code/orion_ws/build/orion_pkg -- -j2 -l2
[0.225s] Built target ament_cmake_python_copy_scripts
[0.473s] running egg_info
[0.475s] writing scripts.egg-info/PKG-INFO
[0.476s] writing dependency_links to scripts.egg-info/dependency_links.txt
[0.477s] writing top-level names to scripts.egg-info/top_level.txt
[0.479s] reading manifest file 'scripts.egg-info/SOURCES.txt'
[0.480s] writing manifest file 'scripts.egg-info/SOURCES.txt'
[0.533s] Built target ament_cmake_python_build_scripts_egg
[0.554s] Invoked command in '/Code/orion_ws/build/orion_pkg' returned '0': /usr/bin/cmake --build /Code/orion_ws/build/orion_pkg -- -j2 -l2
[0.597s] Invoking command in '/Code/orion_ws/build/orion_pkg': /usr/bin/cmake --install /Code/orion_ws/build/orion_pkg
[0.605s] -- Install configuration: ""
[0.609s] -- Up-to-date: /Code/orion_ws/install/orion_pkg/share/orion_pkg/environment/pythonpath.sh
[0.609s] -- Up-to-date: /Code/orion_ws/install/orion_pkg/share/orion_pkg/environment/pythonpath.dsv
[0.609s] -- Up-to-date: /Code/orion_ws/install/orion_pkg/local/lib/python3.10/dist-packages/scripts-0.0.0-py3.10.egg-info
[0.609s] -- Installing: /Code/orion_ws/install/orion_pkg/local/lib/python3.10/dist-packages/scripts-0.0.0-py3.10.egg-info/dependency_links.txt
[0.609s] -- Installing: /Code/orion_ws/install/orion_pkg/local/lib/python3.10/dist-packages/scripts-0.0.0-py3.10.egg-info/SOURCES.txt
[0.609s] -- Installing: /Code/orion_ws/install/orion_pkg/local/lib/python3.10/dist-packages/scripts-0.0.0-py3.10.egg-info/PKG-INFO
[0.609s] -- Installing: /Code/orion_ws/install/orion_pkg/local/lib/python3.10/dist-packages/scripts-0.0.0-py3.10.egg-info/top_level.txt
[0.609s] -- Up-to-date: /Code/orion_ws/install/orion_pkg/local/lib/python3.10/dist-packages/scripts
[0.609s] -- Up-to-date: /Code/orion_ws/install/orion_pkg/local/lib/python3.10/dist-packages/scripts/templates
[0.609s] -- Up-to-date: /Code/orion_ws/install/orion_pkg/local/lib/python3.10/dist-packages/scripts/templates/publisher.py
[0.609s] -- Up-to-date: /Code/orion_ws/install/orion_pkg/local/lib/python3.10/dist-packages/scripts/templates/subscriber.py
[0.609s] -- Up-to-date: /Code/orion_ws/install/orion_pkg/local/lib/python3.10/dist-packages/scripts/Joystick_sub.py
[0.610s] -- Up-to-date: /Code/orion_ws/install/orion_pkg/local/lib/python3.10/dist-packages/scripts/StreamingMode.py
[0.610s] -- Up-to-date: /Code/orion_ws/install/orion_pkg/local/lib/python3.10/dist-packages/scripts/__init__.py
[0.610s] -- Up-to-date: /Code/orion_ws/install/orion_pkg/local/lib/python3.10/dist-packages/scripts/joystick
[0.610s] -- Up-to-date: /Code/orion_ws/install/orion_pkg/local/lib/python3.10/dist-packages/scripts/joystick/joystick_commands.py
[0.610s] -- Up-to-date: /Code/orion_ws/install/orion_pkg/local/lib/python3.10/dist-packages/scripts/joystick/inputs.py
[0.647s] Listing '/Code/orion_ws/install/orion_pkg/local/lib/python3.10/dist-packages/scripts'...
[0.647s] Listing '/Code/orion_ws/install/orion_pkg/local/lib/python3.10/dist-packages/scripts/joystick'...
[0.648s] Listing '/Code/orion_ws/install/orion_pkg/local/lib/python3.10/dist-packages/scripts/templates'...
[0.655s] -- Up-to-date: /Code/orion_ws/install/orion_pkg/lib/orion_pkg/publisher.py
[0.655s] -- Up-to-date: /Code/orion_ws/install/orion_pkg/lib/orion_pkg/subscriber.py
[0.655s] -- Up-to-date: /Code/orion_ws/install/orion_pkg/lib/orion_pkg/joystick_commands.py
[0.655s] -- Up-to-date: /Code/orion_ws/install/orion_pkg/lib/orion_pkg/inputs.py
[0.655s] -- Up-to-date: /Code/orion_ws/install/orion_pkg/lib/orion_pkg/Joystick_sub.py
[0.655s] -- Up-to-date: /Code/orion_ws/install/orion_pkg/share/orion_pkg//launch
[0.655s] -- Up-to-date: /Code/orion_ws/install/orion_pkg/share/orion_pkg//launch/other_launchers
[0.655s] -- Up-to-date: /Code/orion_ws/install/orion_pkg/share/orion_pkg//launch/other_launchers/pubsub_launch.xml
[0.655s] -- Up-to-date: /Code/orion_ws/install/orion_pkg/share/orion_pkg//launch/other_launchers/pubsub_launch.yaml
[0.655s] -- Up-to-date: /Code/orion_ws/install/orion_pkg/share/orion_pkg//launch/pubsublaunch.py
[0.655s] -- Up-to-date: /Code/orion_ws/install/orion_pkg/share/ament_index/resource_index/package_run_dependencies/orion_pkg
[0.656s] -- Up-to-date: /Code/orion_ws/install/orion_pkg/share/ament_index/resource_index/parent_prefix_path/orion_pkg
[0.656s] -- Up-to-date: /Code/orion_ws/install/orion_pkg/share/orion_pkg/environment/ament_prefix_path.sh
[0.656s] -- Up-to-date: /Code/orion_ws/install/orion_pkg/share/orion_pkg/environment/ament_prefix_path.dsv
[0.656s] -- Up-to-date: /Code/orion_ws/install/orion_pkg/share/orion_pkg/environment/path.sh
[0.656s] -- Up-to-date: /Code/orion_ws/install/orion_pkg/share/orion_pkg/environment/path.dsv
[0.656s] -- Up-to-date: /Code/orion_ws/install/orion_pkg/share/orion_pkg/local_setup.bash
[0.656s] -- Up-to-date: /Code/orion_ws/install/orion_pkg/share/orion_pkg/local_setup.sh
[0.657s] -- Up-to-date: /Code/orion_ws/install/orion_pkg/share/orion_pkg/local_setup.zsh
[0.657s] -- Up-to-date: /Code/orion_ws/install/orion_pkg/share/orion_pkg/local_setup.dsv
[0.657s] -- Installing: /Code/orion_ws/install/orion_pkg/share/orion_pkg/package.dsv
[0.657s] -- Up-to-date: /Code/orion_ws/install/orion_pkg/share/ament_index/resource_index/packages/orion_pkg
[0.658s] -- Up-to-date: /Code/orion_ws/install/orion_pkg/share/orion_pkg/cmake/orion_pkgConfig.cmake
[0.658s] -- Up-to-date: /Code/orion_ws/install/orion_pkg/share/orion_pkg/cmake/orion_pkgConfig-version.cmake
[0.658s] -- Up-to-date: /Code/orion_ws/install/orion_pkg/share/orion_pkg/package.xml
[0.666s] Invoked command in '/Code/orion_ws/build/orion_pkg' returned '0': /usr/bin/cmake --install /Code/orion_ws/build/orion_pkg
