[0.000000] (-) TimerEvent: {}
[0.000376] (orion_pkg) JobQueued: {'identifier': 'orion_pkg', 'dependencies': OrderedDict()}
[0.000603] (orion_pkg) JobStarted: {'identifier': 'orion_pkg'}
[0.011258] (orion_pkg) JobProgress: {'identifier': 'orion_pkg', 'progress': 'cmake'}
[0.012605] (orion_pkg) JobProgress: {'identifier': 'orion_pkg', 'progress': 'build'}
[0.013327] (orion_pkg) Command: {'cmd': ['/usr/bin/cmake', '--build', '/Code/orion_ws/build/orion_pkg', '--', '-j2', '-l2'], 'cwd': '/Code/orion_ws/build/orion_pkg', 'env': OrderedDict([('HOSTNAME', 'bd1a120b0cad'), ('SHLVL', '1'), ('HOME', '/root'), ('OLDPWD', '/Code/orion_ws'), ('ROS_DISTRO', 'humble'), ('_', '/usr/bin/colcon'), ('TERM', 'xterm'), ('PATH', '/usr/local/sbin:/usr/local/bin:/usr/sbin:/usr/bin:/sbin:/bin'), ('LANG', 'C.UTF-8'), ('PWD', '/Code/orion_ws/build/orion_pkg'), ('LC_ALL', 'C.UTF-8'), ('COLCON', '1')]), 'shell': False}
[0.090664] (-) TimerEvent: {}
[0.194390] (-) TimerEvent: {}
[0.233418] (orion_pkg) StdoutLine: {'line': b'Built target ament_cmake_python_copy_scripts\n'}
[0.294840] (-) TimerEvent: {}
[0.395777] (-) TimerEvent: {}
[0.496648] (-) TimerEvent: {}
[0.598381] (-) TimerEvent: {}
[0.692314] (orion_pkg) StdoutLine: {'line': b'running egg_info\n'}
[0.694485] (orion_pkg) StdoutLine: {'line': b'writing scripts.egg-info/PKG-INFO\n'}
[0.697808] (orion_pkg) StdoutLine: {'line': b'writing dependency_links to scripts.egg-info/dependency_links.txt\n'}
[0.698594] (-) TimerEvent: {}
[0.700079] (orion_pkg) StdoutLine: {'line': b'writing top-level names to scripts.egg-info/top_level.txt\n'}
[0.705767] (orion_pkg) StdoutLine: {'line': b"reading manifest file 'scripts.egg-info/SOURCES.txt'\n"}
[0.707826] (orion_pkg) StdoutLine: {'line': b"writing manifest file 'scripts.egg-info/SOURCES.txt'\n"}
[0.751832] (orion_pkg) StdoutLine: {'line': b'Built target ament_cmake_python_build_scripts_egg\n'}
[0.767323] (orion_pkg) CommandEnded: {'returncode': 0}
[0.792796] (orion_pkg) JobProgress: {'identifier': 'orion_pkg', 'progress': 'install'}
[0.798986] (-) TimerEvent: {}
[0.802134] (orion_pkg) Command: {'cmd': ['/usr/bin/cmake', '--install', '/Code/orion_ws/build/orion_pkg'], 'cwd': '/Code/orion_ws/build/orion_pkg', 'env': OrderedDict([('HOSTNAME', 'bd1a120b0cad'), ('SHLVL', '1'), ('HOME', '/root'), ('OLDPWD', '/Code/orion_ws'), ('ROS_DISTRO', 'humble'), ('_', '/usr/bin/colcon'), ('TERM', 'xterm'), ('PATH', '/usr/local/sbin:/usr/local/bin:/usr/sbin:/usr/bin:/sbin:/bin'), ('LANG', 'C.UTF-8'), ('PWD', '/Code/orion_ws/build/orion_pkg'), ('LC_ALL', 'C.UTF-8'), ('COLCON', '1')]), 'shell': False}
[0.810842] (orion_pkg) StdoutLine: {'line': b'-- Install configuration: ""\n'}
[0.811885] (orion_pkg) StdoutLine: {'line': b'-- Up-to-date: /Code/orion_ws/install/orion_pkg/share/orion_pkg/environment/pythonpath.sh\n'}
[0.812619] (orion_pkg) StdoutLine: {'line': b'-- Up-to-date: /Code/orion_ws/install/orion_pkg/share/orion_pkg/environment/pythonpath.dsv\n'}
[0.813311] (orion_pkg) StdoutLine: {'line': b'-- Up-to-date: /Code/orion_ws/install/orion_pkg/local/lib/python3.10/dist-packages/scripts-0.0.0-py3.10.egg-info\n'}
[0.813832] (orion_pkg) StdoutLine: {'line': b'-- Installing: /Code/orion_ws/install/orion_pkg/local/lib/python3.10/dist-packages/scripts-0.0.0-py3.10.egg-info/dependency_links.txt\n'}
[0.814594] (orion_pkg) StdoutLine: {'line': b'-- Installing: /Code/orion_ws/install/orion_pkg/local/lib/python3.10/dist-packages/scripts-0.0.0-py3.10.egg-info/SOURCES.txt\n'}
[0.815299] (orion_pkg) StdoutLine: {'line': b'-- Installing: /Code/orion_ws/install/orion_pkg/local/lib/python3.10/dist-packages/scripts-0.0.0-py3.10.egg-info/PKG-INFO\n'}
[0.815908] (orion_pkg) StdoutLine: {'line': b'-- Installing: /Code/orion_ws/install/orion_pkg/local/lib/python3.10/dist-packages/scripts-0.0.0-py3.10.egg-info/top_level.txt\n'}
[0.817134] (orion_pkg) StdoutLine: {'line': b'-- Up-to-date: /Code/orion_ws/install/orion_pkg/local/lib/python3.10/dist-packages/scripts\n'}
[0.817816] (orion_pkg) StdoutLine: {'line': b'-- Up-to-date: /Code/orion_ws/install/orion_pkg/local/lib/python3.10/dist-packages/scripts/templates\n'}
[0.818473] (orion_pkg) StdoutLine: {'line': b'-- Up-to-date: /Code/orion_ws/install/orion_pkg/local/lib/python3.10/dist-packages/scripts/templates/publisher.py\n'}
[0.819056] (orion_pkg) StdoutLine: {'line': b'-- Up-to-date: /Code/orion_ws/install/orion_pkg/local/lib/python3.10/dist-packages/scripts/templates/subscriber.py\n'}
[0.819543] (orion_pkg) StdoutLine: {'line': b'-- Up-to-date: /Code/orion_ws/install/orion_pkg/local/lib/python3.10/dist-packages/scripts/Joystick_sub.py\n'}
[0.820211] (orion_pkg) StdoutLine: {'line': b'-- Up-to-date: /Code/orion_ws/install/orion_pkg/local/lib/python3.10/dist-packages/scripts/StreamingMode.py\n'}
[0.821149] (orion_pkg) StdoutLine: {'line': b'-- Up-to-date: /Code/orion_ws/install/orion_pkg/local/lib/python3.10/dist-packages/scripts/__init__.py\n'}
[0.821682] (orion_pkg) StdoutLine: {'line': b'-- Up-to-date: /Code/orion_ws/install/orion_pkg/local/lib/python3.10/dist-packages/scripts/joystick\n'}
[0.822352] (orion_pkg) StdoutLine: {'line': b'-- Up-to-date: /Code/orion_ws/install/orion_pkg/local/lib/python3.10/dist-packages/scripts/joystick/joystick_commands.py\n'}
[0.822920] (orion_pkg) StdoutLine: {'line': b'-- Up-to-date: /Code/orion_ws/install/orion_pkg/local/lib/python3.10/dist-packages/scripts/joystick/inputs.py\n'}
[0.871111] (orion_pkg) StdoutLine: {'line': b"Listing '/Code/orion_ws/install/orion_pkg/local/lib/python3.10/dist-packages/scripts'...\n"}
[0.871883] (orion_pkg) StdoutLine: {'line': b"Listing '/Code/orion_ws/install/orion_pkg/local/lib/python3.10/dist-packages/scripts/joystick'...\n"}
[0.872395] (orion_pkg) StdoutLine: {'line': b"Listing '/Code/orion_ws/install/orion_pkg/local/lib/python3.10/dist-packages/scripts/templates'...\n"}
[0.875470] (orion_pkg) StdoutLine: {'line': b'-- Up-to-date: /Code/orion_ws/install/orion_pkg/lib/orion_pkg/publisher.py\n'}
[0.876086] (orion_pkg) StdoutLine: {'line': b'-- Up-to-date: /Code/orion_ws/install/orion_pkg/lib/orion_pkg/subscriber.py\n'}
[0.876746] (orion_pkg) StdoutLine: {'line': b'-- Up-to-date: /Code/orion_ws/install/orion_pkg/lib/orion_pkg/joystick_commands.py\n'}
[0.877246] (orion_pkg) StdoutLine: {'line': b'-- Up-to-date: /Code/orion_ws/install/orion_pkg/lib/orion_pkg/inputs.py\n'}
[0.877840] (orion_pkg) StdoutLine: {'line': b'-- Up-to-date: /Code/orion_ws/install/orion_pkg/lib/orion_pkg/Joystick_sub.py\n'}
[0.878397] (orion_pkg) StdoutLine: {'line': b'-- Up-to-date: /Code/orion_ws/install/orion_pkg/share/orion_pkg//launch\n'}
[0.879207] (orion_pkg) StdoutLine: {'line': b'-- Up-to-date: /Code/orion_ws/install/orion_pkg/share/orion_pkg//launch/other_launchers\n'}
[0.879959] (orion_pkg) StdoutLine: {'line': b'-- Up-to-date: /Code/orion_ws/install/orion_pkg/share/orion_pkg//launch/other_launchers/pubsub_launch.xml\n'}
[0.880612] (orion_pkg) StdoutLine: {'line': b'-- Up-to-date: /Code/orion_ws/install/orion_pkg/share/orion_pkg//launch/other_launchers/pubsub_launch.yaml\n'}
[0.881306] (orion_pkg) StdoutLine: {'line': b'-- Up-to-date: /Code/orion_ws/install/orion_pkg/share/orion_pkg//launch/pubsublaunch.py\n'}
[0.881951] (orion_pkg) StdoutLine: {'line': b'-- Up-to-date: /Code/orion_ws/install/orion_pkg/share/ament_index/resource_index/package_run_dependencies/orion_pkg\n'}
[0.883012] (orion_pkg) StdoutLine: {'line': b'-- Up-to-date: /Code/orion_ws/install/orion_pkg/share/ament_index/resource_index/parent_prefix_path/orion_pkg\n'}
[0.883755] (orion_pkg) StdoutLine: {'line': b'-- Up-to-date: /Code/orion_ws/install/orion_pkg/share/orion_pkg/environment/ament_prefix_path.sh\n'}
[0.884393] (orion_pkg) StdoutLine: {'line': b'-- Up-to-date: /Code/orion_ws/install/orion_pkg/share/orion_pkg/environment/ament_prefix_path.dsv\n'}
[0.885100] (orion_pkg) StdoutLine: {'line': b'-- Up-to-date: /Code/orion_ws/install/orion_pkg/share/orion_pkg/environment/path.sh\n'}
[0.885818] (orion_pkg) StdoutLine: {'line': b'-- Up-to-date: /Code/orion_ws/install/orion_pkg/share/orion_pkg/environment/path.dsv\n'}
[0.886420] (orion_pkg) StdoutLine: {'line': b'-- Up-to-date: /Code/orion_ws/install/orion_pkg/share/orion_pkg/local_setup.bash\n'}
[0.887150] (orion_pkg) StdoutLine: {'line': b'-- Up-to-date: /Code/orion_ws/install/orion_pkg/share/orion_pkg/local_setup.sh\n'}
[0.887775] (orion_pkg) StdoutLine: {'line': b'-- Up-to-date: /Code/orion_ws/install/orion_pkg/share/orion_pkg/local_setup.zsh\n'}
[0.888472] (orion_pkg) StdoutLine: {'line': b'-- Up-to-date: /Code/orion_ws/install/orion_pkg/share/orion_pkg/local_setup.dsv\n'}
[0.889180] (orion_pkg) StdoutLine: {'line': b'-- Installing: /Code/orion_ws/install/orion_pkg/share/orion_pkg/package.dsv\n'}
[0.890863] (orion_pkg) StdoutLine: {'line': b'-- Up-to-date: /Code/orion_ws/install/orion_pkg/share/ament_index/resource_index/packages/orion_pkg\n'}
[0.891517] (orion_pkg) StdoutLine: {'line': b'-- Up-to-date: /Code/orion_ws/install/orion_pkg/share/orion_pkg/cmake/orion_pkgConfig.cmake\n'}
[0.892040] (orion_pkg) StdoutLine: {'line': b'-- Up-to-date: /Code/orion_ws/install/orion_pkg/share/orion_pkg/cmake/orion_pkgConfig-version.cmake\n'}
[0.892661] (orion_pkg) StdoutLine: {'line': b'-- Up-to-date: /Code/orion_ws/install/orion_pkg/share/orion_pkg/package.xml\n'}
[0.899603] (orion_pkg) CommandEnded: {'returncode': 0}
[0.899992] (-) TimerEvent: {}
[0.974005] (orion_pkg) JobEnded: {'identifier': 'orion_pkg', 'rc': 0}
[0.976034] (-) EventReactorShutdown: {}
